#
# There is insufficient memory for the Java Runtime Environment to continue.
# Native memory allocation (mmap) failed to map 274726912 bytes for G1 virtual space
# Possible reasons:
#   The system is out of physical RAM or swap space
#   The process is running with CompressedOops enabled, and the Java Heap may be blocking the growth of the native heap
# Possible solutions:
#   Reduce memory load on the system
#   Increase physical memory or swap space
#   Check if swap backing store is full
#   Decrease Java heap size (-Xmx/-Xms)
#   Decrease number of Java threads
#   Decrease Java thread stack sizes (-Xss)
#   Set larger code cache with -XX:ReservedCodeCacheSize=
#   JVM is running with Zero Based Compressed Oops mode in which the Java heap is
#     placed in the first 32GB address space. The Java Heap base address is the
#     maximum limit for the native heap growth. Please use -XX:HeapBaseMinAddress
#     to set the Java Heap base and to place the Java Heap above 32GB virtual address.
# This output file may be truncated or incomplete.
#
#  Out of Memory Error (os_windows.cpp:3467), pid=27928, tid=30796
#
# JRE version: OpenJDK Runtime Environment Zulu16.30+15-CA (16.0.1+9) (build 16.0.1+9)
# Java VM: OpenJDK 64-Bit Server VM Zulu16.30+15-CA (16.0.1+9, mixed mode, sharing, tiered, compressed oops, compressed class ptrs, g1 gc, windows-amd64)
# No core dump will be written. Minidumps are not enabled by default on client versions of Windows
#

---------------  S U M M A R Y ------------

Command Line: -Xms200m -Xmx3G -Dfile.encoding=windows-1252 -Duser.country=AU -Duser.language=en -Duser.variant net.fabricmc.loom.decompilers.fernflower.FabricForkedFFExecutor -dgs=1 -log=trace -rsy=1 -bsm=1 -ind=	 -thr=8 C:\Users\M51D4XLR\.gradle\caches\fabric-loom\1.17.1-mapped-net.fabricmc.yarn-1.17.1+build.39-v2\minecraft-1.17.1-unpicked-net.fabricmc.yarn-1.17.1+build.39-v2.jar -o=C:\Users\M51D4XLR\.gradle\caches\fabric-loom\1.17.1-mapped-net.fabricmc.yarn-1.17.1+build.39-v2\minecraft-1.17.1-mapped-net.fabricmc.yarn-1.17.1+build.39-v2-sources.jar -l=C:\Users\M51D4XLR\.gradle\caches\fabric-loom\1.17.1-mapped-net.fabricmc.yarn-1.17.1+build.39-v2\minecraft-1.17.1-mapped-net.fabricmc.yarn-1.17.1+build.39-v2-sources.lmap -m=C:\Users\M51D4XLR\.gradle\caches\fabric-loom\mappings\yarn-1.17.1+build.39-v2.tiny -e=C:\Users\M51D4XLR\.gradle\caches\modules-2\files-2.1\org.lwjgl\lwjgl-jemalloc\3.2.2\ee8e57a79300f78294576d87c4a587f8c99402e2\lwjgl-jemalloc-3.2.2.jar -e=C:\Users\M51D4XLR\.gradle\caches\modules-2\files-2.1\com.mojang\datafixerupper\4.0.26\ebd6690f33871ccee9b6132c6480668ee2e35020\datafixerupper-4.0.26.jar -e=C:\Users\M51D4XLR\.gradle\caches\modules-2\files-2.1\net.java.dev.jna\jna\5.8.0\3551d8d827e54858214107541d3aff9c615cb615\jna-5.8.0.jar -e=C:\Users\M51D4XLR\.gradle\caches\modules-2\files-2.1\org.apache.logging.log4j\log4j-slf4j18-impl\2.14.1\312b4d91b21160b9fab43600fa787f31e8cab930\log4j-slf4j18-impl-2.14.1.jar -e=C:\Users\M51D4XLR\.gradle\caches\modules-2\files-2.1\com.mojang\javabridge\1.1.23\3e5084d916ba393dfd82928ec97663aeb10b2e2c\javabridge-1.1.23.jar -e=C:\Users\M51D4XLR\.gradle\caches\modules-2\files-2.1\io.netty\netty-all\4.1.25.Final\d0626cd3108294d1d58c05859add27b4ef21f83b\netty-all-4.1.25.Final.jar -e=C:\Users\M51D4XLR\.gradle\caches\modules-2\files-2.1\net.java.jutils\jutils\1.0.0\e12fe1fda814bd348c1579329c86943d2cd3c6a6\jutils-1.0.0.jar -e=C:\Users\M51D4XLR\.gradle\caches\modules-2\files-2.1\commons-logging\commons-logging\1.1.3\f6f66e966c70a83ffbdb6f17a0919eaf7c8aca7f\commons-logging-1.1.3.jar -e=C:\Users\M51D4XLR\.gradle\caches\modules-2\files-2.1\org.apache.commons\commons-compress\1.8.1\a698750c16740fd5b3871425f4cb3bbaa87f529d\commons-compress-1.8.1.jar -e=C:\Users\M51D4XLR\.gradle\caches\modules-2\files-2.1\com.mojang\blocklist\1.0.5\9da540f21c9a8d5ed7c029e1f88d1a6dabb0d6ad\blocklist-1.0.5.jar -e=C:\Users\M51D4XLR\.gradle\caches\modules-2\files-2.1\org.lwjgl\lwjgl-opengl\3.2.2\6ac5bb88b44c43ea195a570aab059f63da004cd8\lwjgl-opengl-3.2.2.jar -e=C:\Users\M51D4XLR\.gradle\caches\modules-2\files-2.1\com.google.guava\guava\21.0\3a3d111be1be1b745edfa7d91678a12d7ed38709\guava-21.0.jar -e=C:\Users\M51D4XLR\.gradle\caches\modules-2\files-2.1\com.mojang\brigadier\1.0.18\c1ef1234282716483c92183f49bef47b1a89bfa9\brigadier-1.0.18.jar -e=C:\Users\M51D4XLR\.gradle\caches\modules-2\files-2.1\org.apache.httpcomponents\httpcore\4.3.2\31fbbff1ddbf98f3aa7377c94d33b0447c646b6e\httpcore-4.3.2.jar -e=C:\Users\M51D4XLR\.gradle\caches\modules-2\files-2.1\org.lwjgl\lwjgl\3.2.2\8ad6294407e15780b43e84929c40e4c5e997972e\lwjgl-3.2.2.jar -e=C:\Users\M51D4XLR\.gradle\caches\modules-2\files-2.1\com.mojang\patchy\2.1.6\ce112c16c6275fdfff2d30208533ec906a191f71\patchy-2.1.6.jar -e=C:\Users\M51D4XLR\.gradle\caches\modules-2\files-2.1\commons-io\commons-io\2.5\2852e6e05fbb95076fc091f6d1780f1f8fe35e0f\commons-io-2.5.jar -e=C:\Users\M51D4XLR\.gradle\caches\modules-2\files-2.1\org.apache.httpcomponents\httpclient\4.3.3\18f4247ff4572a074444572cee34647c43e7c9c7\httpclient-4.3.3.jar -e=C:\Users\M51D4XLR\.gradle\caches\modules-2\files-2.1\commons-codec\commons-codec\1.10\4b95f4897fa13f2cd904aee711aeafc0c5295cd8\commons-codec-1.10.jar -e=C:\Users\M51D4XLR\.gradle\caches\modules-2\files-2.1\com.mojang\text2speech\1.11.3\f378f889797edd7df8d32272c06ca80a1b6b0f58\text2speech-1.11.3.jar -e=C:\Users\M51D4XLR\.gradle\caches\modules-2\files-2.1\it.unimi.dsi\fastutil\8.2.1\5ad88f325e424f8dbc2be5459e21ea5cab3864e9\fastutil-8.2.1.jar -e=C:\Users\M51D4XLR\.gradle\caches\modules-2\files-2.1\com.google.code.gson\gson\2.8.0\c4ba5371a29ac9b2ad6129b1d39ea38750043eff\gson-2.8.0.jar -e=C:\Users\M51D4XLR\.gradle\caches\modules-2\files-2.1\com.ibm.icu\icu4j\66.1\72c7519b6d91f7a1f993bd44a99fe95d67211b27\icu4j-66.1.jar -e=C:\Users\M51D4XLR\.gradle\caches\modules-2\files-2.1\ca.weblite\java-objc-bridge\1.0.0\6ef160c3133a78de015830860197602ca1c855d3\java-objc-bridge-1.0.0.jar -e=C:\Users\M51D4XLR\.gradle\caches\modules-2\files-2.1\com.mojang\authlib\2.3.31\bbd00ca33b052f73a6312254780fc580d2da3535\authlib-2.3.31.jar -e=C:\Users\M51D4XLR\.gradle\caches\modules-2\files-2.1\net.sf.jopt-simple\jopt-simple\5.0.3\cdd846cfc4e0f7eefafc02c0f5dce32b9303aa2a\jopt-simple-5.0.3.jar -e=C:\Users\M51D4XLR\.gradle\caches\modules-2\files-2.1\org.lwjgl\lwjgl-stb\3.2.2\3b8e6ebc5851dd3d17e37e5cadce2eff2a429f0f\lwjgl-stb-3.2.2.jar -e=C:\Users\M51D4XLR\.gradle\caches\modules-2\files-2.1\com.github.oshi\oshi-core\5.7.5\725374463734aacde70a3b20f018aca3f922655f\oshi-core-5.7.5.jar -e=C:\Users\M51D4XLR\.gradle\caches\modules-2\files-2.1\org.apache.commons\commons-lang3\3.5\6c6c702c89bfff3cd9e80b04d668c5e190d588c6\commons-lang3-3.5.jar -e=C:\Users\M51D4XLR\.gradle\caches\modules-2\files-2.1\org.lwjgl\lwjgl-glfw\3.2.2\d3ad4df38e400b8afba1de63f84338809399df5b\lwjgl-glfw-3.2.2.jar -e=C:\Users\M51D4XLR\.gradle\caches\modules-2\files-2.1\org.slf4j\slf4j-api\1.8.0-beta4\83b0359d847ee053d745be7ec0d8e9e8a44304b4\slf4j-api-1.8.0-beta4.jar -e=C:\Users\M51D4XLR\.gradle\caches\modules-2\files-2.1\org.apache.logging.log4j\log4j-api\2.14.1\cd8858fbbde69f46bce8db1152c18a43328aae78\log4j-api-2.14.1.jar -e=C:\Users\M51D4XLR\.gradle\caches\modules-2\files-2.1\org.lwjgl\lwjgl-openal\3.2.2\2b772a102b0a11ee5f2109a5b136f4dc7c630827\lwjgl-openal-3.2.2.jar -e=C:\Users\M51D4XLR\.gradle\caches\modules-2\files-2.1\org.lwjgl\lwjgl-tinyfd\3.2.2\fcbe606c8f8da6f8f9a05e2c540eb1ee8632b0e9\lwjgl-tinyfd-3.2.2.jar -e=C:\Users\M51D4XLR\.gradle\caches\modules-2\files-2.1\org.apache.logging.log4j\log4j-core\2.14.1\9141212b8507ab50a45525b545b39d224614528b\log4j-core-2.14.1.jar -e=C:\Users\M51D4XLR\.gradle\caches\modules-2\files-2.1\net.java.dev.jna\jna-platform\5.8.0\2f12f6d7f7652270d13624cef1b82d8cd9a5398e\jna-platform-5.8.0.jar -e=C:\Users\M51D4XLR\.gradle\caches\modules-2\files-2.1\net.java.jinput\jinput\2.0.5\39c7796b469a600f72380316f6b1f11db6c2c7c4\jinput-2.0.5.jar

Host: Intel(R) Core(TM) i5-8250U CPU @ 1.60GHz, 8 cores, 7G,  Windows 10 , 64 bit Build 19041 (10.0.19041.1151)
Time: Thu Aug 19 16:11:57 2021 AUS Eastern Standard Time elapsed time: 7.246929 seconds (0d 0h 0m 7s)

---------------  T H R E A D  ---------------

Current thread (0x000001cc5e640580):  VMThread "VM Thread" [stack: 0x0000007c02800000,0x0000007c02900000] [id=30796]

Stack: [0x0000007c02800000,0x0000007c02900000]
Native frames: (J=compiled Java code, j=interpreted, Vv=VM code, C=native code)
V  [jvm.dll+0x67a06a]
V  [jvm.dll+0x82d359]
V  [jvm.dll+0x82eae3]
V  [jvm.dll+0x82f143]
V  [jvm.dll+0x24efa5]
V  [jvm.dll+0x676de9]
V  [jvm.dll+0x66b995]
V  [jvm.dll+0x3094db]
V  [jvm.dll+0x310626]
V  [jvm.dll+0x36073e]
V  [jvm.dll+0x36096f]
V  [jvm.dll+0x2e0258]
V  [jvm.dll+0x2dddfe]
V  [jvm.dll+0x2dd45c]
V  [jvm.dll+0x322a42]
V  [jvm.dll+0x8335bb]
V  [jvm.dll+0x834204]
V  [jvm.dll+0x834709]
V  [jvm.dll+0x8349c4]
V  [jvm.dll+0x834a90]
V  [jvm.dll+0x7dbb0a]
V  [jvm.dll+0x678e96]
C  [ucrtbase.dll+0x21bb2]
C  [KERNEL32.DLL+0x17034]
C  [ntdll.dll+0x52651]

VM_Operation (0x0000007c022fef00): G1CollectForAllocation, mode: safepoint, requested by thread 0x000001cc3addbe10


---------------  P R O C E S S  ---------------

Threads class SMR info:
_java_thread_list=0x000001cc5f611230, length=12, elements={
0x000001cc3addbe10, 0x000001cc5e6430d0, 0x000001cc5e643ea0, 0x000001cc5e659580,
0x000001cc5e65b0a0, 0x000001cc5e65dac0, 0x000001cc5e65e3d0, 0x000001cc5e664520,
0x000001cc5e66d280, 0x000001cc5e671fe0, 0x000001cc5f0ede20, 0x000001cc5f0f65b0
}

Java Threads: ( => current thread )
  0x000001cc3addbe10 JavaThread "main" [_thread_blocked, id=2768, stack(0x0000007c02200000,0x0000007c02300000)]
  0x000001cc5e6430d0 JavaThread "Reference Handler" daemon [_thread_blocked, id=28644, stack(0x0000007c02900000,0x0000007c02a00000)]
  0x000001cc5e643ea0 JavaThread "Finalizer" daemon [_thread_blocked, id=17132, stack(0x0000007c02a00000,0x0000007c02b00000)]
  0x000001cc5e659580 JavaThread "Signal Dispatcher" daemon [_thread_blocked, id=31180, stack(0x0000007c02b00000,0x0000007c02c00000)]
  0x000001cc5e65b0a0 JavaThread "Attach Listener" daemon [_thread_blocked, id=30788, stack(0x0000007c02c00000,0x0000007c02d00000)]
  0x000001cc5e65dac0 JavaThread "Service Thread" daemon [_thread_blocked, id=20432, stack(0x0000007c02d00000,0x0000007c02e00000)]
  0x000001cc5e65e3d0 JavaThread "Monitor Deflation Thread" daemon [_thread_blocked, id=3676, stack(0x0000007c02e00000,0x0000007c02f00000)]
  0x000001cc5e664520 JavaThread "C2 CompilerThread0" daemon [_thread_blocked, id=15432, stack(0x0000007c02f00000,0x0000007c03000000)]
  0x000001cc5e66d280 JavaThread "C1 CompilerThread0" daemon [_thread_blocked, id=32120, stack(0x0000007c03000000,0x0000007c03100000)]
  0x000001cc5e671fe0 JavaThread "Sweeper thread" daemon [_thread_blocked, id=24228, stack(0x0000007c03100000,0x0000007c03200000)]
  0x000001cc5f0ede20 JavaThread "Notification Thread" daemon [_thread_blocked, id=34268, stack(0x0000007c03200000,0x0000007c03300000)]
  0x000001cc5f0f65b0 JavaThread "Common-Cleaner" daemon [_thread_blocked, id=30600, stack(0x0000007c03400000,0x0000007c03500000)]

Other Threads:
=>0x000001cc5e640580 VMThread "VM Thread" [stack: 0x0000007c02800000,0x0000007c02900000] [id=30796]
  0x000001cc5f0ef960 WatcherThread [stack: 0x0000007c03300000,0x0000007c03400000] [id=27576]
  0x000001cc3ae1d3a0 GCTaskThread "GC Thread#0" [stack: 0x0000007c02300000,0x0000007c02400000] [id=7448]
  0x000001cc5f423340 GCTaskThread "GC Thread#1" [stack: 0x0000007c03700000,0x0000007c03800000] [id=21868]
  0x000001cc5f1bba70 GCTaskThread "GC Thread#2" [stack: 0x0000007c03800000,0x0000007c03900000] [id=28524]
  0x000001cc5f669ec0 GCTaskThread "GC Thread#3" [stack: 0x0000007c03900000,0x0000007c03a00000] [id=2968]
  0x000001cc60180a40 GCTaskThread "GC Thread#4" [stack: 0x0000007c03f00000,0x0000007c04000000] [id=14392]
  0x000001cc60015490 GCTaskThread "GC Thread#5" [stack: 0x0000007c04000000,0x0000007c04100000] [id=27476]
  0x000001cc5f3c9be0 GCTaskThread "GC Thread#6" [stack: 0x0000007c04100000,0x0000007c04200000] [id=15720]
  0x000001cc5f3c9ef0 GCTaskThread "GC Thread#7" [stack: 0x0000007c04200000,0x0000007c04300000] [id=30120]
  0x000001cc3ae2b400 ConcurrentGCThread "G1 Main Marker" [stack: 0x0000007c02400000,0x0000007c02500000] [id=27652]
  0x000001cc3ae2c5a0 ConcurrentGCThread "G1 Conc#0" [stack: 0x0000007c02500000,0x0000007c02600000] [id=27948]
  0x000001cc5e4f00a0 ConcurrentGCThread "G1 Refine#0" [stack: 0x0000007c02600000,0x0000007c02700000] [id=34244]
  0x000001cc5f69f880 ConcurrentGCThread "G1 Refine#1" [stack: 0x0000007c03a00000,0x0000007c03b00000] [id=11372]
  0x000001cc5f564710 ConcurrentGCThread "G1 Refine#2" [stack: 0x0000007c03b00000,0x0000007c03c00000] [id=34540]
  0x000001cc5f3fec00 ConcurrentGCThread "G1 Refine#3" [stack: 0x0000007c03c00000,0x0000007c03d00000] [id=11668]
  0x000001cc5f7c5f30 ConcurrentGCThread "G1 Refine#4" [stack: 0x0000007c03d00000,0x0000007c03e00000] [id=35032]
  0x000001cc5f3e0830 ConcurrentGCThread "G1 Refine#5" [stack: 0x0000007c03e00000,0x0000007c03f00000] [id=33252]
  0x000001cc5e4f1a40 ConcurrentGCThread "G1 Service" [stack: 0x0000007c02700000,0x0000007c02800000] [id=2772]

Threads with active compile tasks:

VM state: at safepoint (normal execution)

VM Mutex/Monitor currently owned by a thread:  ([mutex/lock_event])
[0x000001cc3adda3f0] Threads_lock - owner thread: 0x000001cc5e640580
[0x000001cc3addaea0] Heap_lock - owner thread: 0x000001cc3addbe10

Heap address: 0x0000000740000000, size: 3072 MB, Compressed Oops mode: Zero based, Oop shift amount: 3

CDS archive(s) mapped at: [0x0000000800000000-0x0000000800bf0000-0x0000000800bf0000), size 12517376, SharedBaseAddress: 0x0000000800000000, ArchiveRelocationMode: 0.
Compressed class space mapped at: 0x0000000800c00000-0x0000000840c00000, reserved size: 1073741824
Narrow klass base: 0x0000000800000000, Narrow klass shift: 3, Narrow klass range: 0x100000000

GC Precious Log:
 CPUs: 8 total, 8 available
 Memory: 8058M
 Large Page Support: Disabled
 NUMA Support: Disabled
 Compressed Oops: Enabled (Zero based)
 Heap Region Size: 2M
 Heap Min Capacity: 200M
 Heap Initial Capacity: 200M
 Heap Max Capacity: 3G
 Pre-touch: Disabled
 Parallel Workers: 8
 Concurrent Workers: 2
 Concurrent Refinement Workers: 8
 Periodic GC: Disabled

Heap:
 garbage-first heap   total 780288K, used 409600K [0x0000000740000000, 0x0000000800000000)
  region size 2048K, 12 young (24576K), 12 survivors (24576K)
 Metaspace       used 1672K, committed 1856K, reserved 1056768K
  class space    used 117K, committed 192K, reserved 1048576K

Heap Regions: E=young(eden), S=young(survivor), O=old, HS=humongous(starts), HC=humongous(continues), CS=collection set, F=free, OA=open archive, CA=closed archive, TAMS=top-at-mark-start (previous, next)
|   0|0x0000000740000000, 0x0000000740200000, 0x0000000740200000|100%| O|  |TAMS 0x0000000740000000, 0x0000000740000000| Untracked 
|   1|0x0000000740200000, 0x0000000740400000, 0x0000000740400000|100%| O|  |TAMS 0x0000000740200000, 0x0000000740200000| Untracked 
|   2|0x0000000740400000, 0x0000000740600000, 0x0000000740600000|100%| O|  |TAMS 0x0000000740400000, 0x0000000740400000| Untracked 
|   3|0x0000000740600000, 0x0000000740800000, 0x0000000740800000|100%| O|  |TAMS 0x0000000740600000, 0x0000000740600000| Untracked 
|   4|0x0000000740800000, 0x0000000740a00000, 0x0000000740a00000|100%| O|  |TAMS 0x0000000740800000, 0x0000000740800000| Untracked 
|   5|0x0000000740a00000, 0x0000000740c00000, 0x0000000740c00000|100%| O|  |TAMS 0x0000000740a00000, 0x0000000740a00000| Untracked 
|   6|0x0000000740c00000, 0x0000000740e00000, 0x0000000740e00000|100%| O|  |TAMS 0x0000000740c00000, 0x0000000740c00000| Untracked 
|   7|0x0000000740e00000, 0x0000000741000000, 0x0000000741000000|100%| O|  |TAMS 0x0000000740e00000, 0x0000000740e00000| Untracked 
|   8|0x0000000741000000, 0x0000000741200000, 0x0000000741200000|100%| O|  |TAMS 0x0000000741000000, 0x0000000741000000| Untracked 
|   9|0x0000000741200000, 0x0000000741400000, 0x0000000741400000|100%| O|  |TAMS 0x0000000741200000, 0x0000000741200000| Untracked 
|  10|0x0000000741400000, 0x0000000741600000, 0x0000000741600000|100%| O|  |TAMS 0x0000000741400000, 0x0000000741400000| Untracked 
|  11|0x0000000741600000, 0x0000000741800000, 0x0000000741800000|100%| O|  |TAMS 0x0000000741600000, 0x0000000741600000| Untracked 
|  12|0x0000000741800000, 0x0000000741a00000, 0x0000000741a00000|100%| O|  |TAMS 0x0000000741800000, 0x0000000741800000| Untracked 
|  13|0x0000000741a00000, 0x0000000741c00000, 0x0000000741c00000|100%| O|  |TAMS 0x0000000741a00000, 0x0000000741a00000| Untracked 
|  14|0x0000000741c00000, 0x0000000741e00000, 0x0000000741e00000|100%| O|  |TAMS 0x0000000741c00000, 0x0000000741c00000| Untracked 
|  15|0x0000000741e00000, 0x0000000742000000, 0x0000000742000000|100%| O|  |TAMS 0x0000000741e00000, 0x0000000741e00000| Untracked 
|  16|0x0000000742000000, 0x0000000742200000, 0x0000000742200000|100%| O|  |TAMS 0x0000000742000000, 0x0000000742000000| Untracked 
|  17|0x0000000742200000, 0x0000000742400000, 0x0000000742400000|100%| O|  |TAMS 0x0000000742200000, 0x0000000742200000| Untracked 
|  18|0x0000000742400000, 0x0000000742600000, 0x0000000742600000|100%| O|  |TAMS 0x0000000742400000, 0x0000000742400000| Untracked 
|  19|0x0000000742600000, 0x0000000742800000, 0x0000000742800000|100%| O|  |TAMS 0x0000000742600000, 0x0000000742600000| Untracked 
|  20|0x0000000742800000, 0x0000000742a00000, 0x0000000742a00000|100%| O|  |TAMS 0x0000000742800000, 0x0000000742800000| Untracked 
|  21|0x0000000742a00000, 0x0000000742c00000, 0x0000000742c00000|100%| O|  |TAMS 0x0000000742a00000, 0x0000000742a00000| Untracked 
|  22|0x0000000742c00000, 0x0000000742e00000, 0x0000000742e00000|100%| O|  |TAMS 0x0000000742c00000, 0x0000000742c00000| Untracked 
|  23|0x0000000742e00000, 0x0000000743000000, 0x0000000743000000|100%| O|  |TAMS 0x0000000742e00000, 0x0000000742e00000| Untracked 
|  24|0x0000000743000000, 0x0000000743200000, 0x0000000743200000|100%| O|  |TAMS 0x0000000743000000, 0x0000000743000000| Untracked 
|  25|0x0000000743200000, 0x0000000743400000, 0x0000000743400000|100%| O|  |TAMS 0x0000000743200000, 0x0000000743200000| Untracked 
|  26|0x0000000743400000, 0x0000000743600000, 0x0000000743600000|100%| O|  |TAMS 0x0000000743400000, 0x0000000743400000| Untracked 
|  27|0x0000000743600000, 0x0000000743800000, 0x0000000743800000|100%| O|  |TAMS 0x0000000743600000, 0x0000000743600000| Untracked 
|  28|0x0000000743800000, 0x0000000743a00000, 0x0000000743a00000|100%| O|  |TAMS 0x0000000743800000, 0x0000000743800000| Untracked 
|  29|0x0000000743a00000, 0x0000000743c00000, 0x0000000743c00000|100%| O|  |TAMS 0x0000000743a00000, 0x0000000743a00000| Untracked 
|  30|0x0000000743c00000, 0x0000000743e00000, 0x0000000743e00000|100%| O|  |TAMS 0x0000000743c00000, 0x0000000743c00000| Untracked 
|  31|0x0000000743e00000, 0x0000000744000000, 0x0000000744000000|100%| O|  |TAMS 0x0000000743e00000, 0x0000000743e00000| Untracked 
|  32|0x0000000744000000, 0x0000000744200000, 0x0000000744200000|100%| O|  |TAMS 0x0000000744000000, 0x0000000744000000| Untracked 
|  33|0x0000000744200000, 0x0000000744400000, 0x0000000744400000|100%| O|  |TAMS 0x0000000744200000, 0x0000000744200000| Untracked 
|  34|0x0000000744400000, 0x0000000744600000, 0x0000000744600000|100%| O|  |TAMS 0x0000000744400000, 0x0000000744400000| Untracked 
|  35|0x0000000744600000, 0x0000000744800000, 0x0000000744800000|100%| O|  |TAMS 0x0000000744600000, 0x0000000744600000| Untracked 
|  36|0x0000000744800000, 0x0000000744a00000, 0x0000000744a00000|100%| O|  |TAMS 0x0000000744800000, 0x0000000744800000| Untracked 
|  37|0x0000000744a00000, 0x0000000744c00000, 0x0000000744c00000|100%| O|  |TAMS 0x0000000744a00000, 0x0000000744a00000| Untracked 
|  38|0x0000000744c00000, 0x0000000744e00000, 0x0000000744e00000|100%| O|  |TAMS 0x0000000744c00000, 0x0000000744c00000| Untracked 
|  39|0x0000000744e00000, 0x0000000745000000, 0x0000000745000000|100%| O|  |TAMS 0x0000000744e00000, 0x0000000744e00000| Untracked 
|  40|0x0000000745000000, 0x0000000745200000, 0x0000000745200000|100%| O|  |TAMS 0x0000000745000000, 0x0000000745000000| Untracked 
|  41|0x0000000745200000, 0x0000000745400000, 0x0000000745400000|100%| O|  |TAMS 0x0000000745200000, 0x0000000745200000| Untracked 
|  42|0x0000000745400000, 0x0000000745600000, 0x0000000745600000|100%| O|  |TAMS 0x0000000745400000, 0x0000000745400000| Untracked 
|  43|0x0000000745600000, 0x0000000745800000, 0x0000000745800000|100%| O|  |TAMS 0x0000000745600000, 0x0000000745600000| Untracked 
|  44|0x0000000745800000, 0x0000000745a00000, 0x0000000745a00000|100%| O|  |TAMS 0x0000000745800000, 0x0000000745800000| Untracked 
|  45|0x0000000745a00000, 0x0000000745c00000, 0x0000000745c00000|100%| O|  |TAMS 0x0000000745a00000, 0x0000000745a00000| Untracked 
|  46|0x0000000745c00000, 0x0000000745e00000, 0x0000000745e00000|100%| O|  |TAMS 0x0000000745c00000, 0x0000000745c00000| Untracked 
|  47|0x0000000745e00000, 0x0000000746000000, 0x0000000746000000|100%|HS|  |TAMS 0x0000000745e00000, 0x0000000745e00000| Complete 
|  48|0x0000000746000000, 0x0000000746200000, 0x0000000746200000|100%| O|  |TAMS 0x0000000746000000, 0x0000000746000000| Untracked 
|  49|0x0000000746200000, 0x0000000746400000, 0x0000000746400000|100%| O|  |TAMS 0x0000000746200000, 0x0000000746200000| Untracked 
|  50|0x0000000746400000, 0x0000000746600000, 0x0000000746600000|100%| O|  |TAMS 0x0000000746400000, 0x0000000746400000| Untracked 
|  51|0x0000000746600000, 0x0000000746800000, 0x0000000746800000|100%| O|  |TAMS 0x0000000746600000, 0x0000000746600000| Untracked 
|  52|0x0000000746800000, 0x0000000746a00000, 0x0000000746a00000|100%| O|  |TAMS 0x0000000746800000, 0x0000000746800000| Untracked 
|  53|0x0000000746a00000, 0x0000000746c00000, 0x0000000746c00000|100%| O|  |TAMS 0x0000000746a00000, 0x0000000746a00000| Untracked 
|  54|0x0000000746c00000, 0x0000000746e00000, 0x0000000746e00000|100%| O|  |TAMS 0x0000000746c00000, 0x0000000746c00000| Untracked 
|  55|0x0000000746e00000, 0x0000000747000000, 0x0000000747000000|100%| O|  |TAMS 0x0000000746e00000, 0x0000000746e00000| Untracked 
|  56|0x0000000747000000, 0x0000000747200000, 0x0000000747200000|100%| O|  |TAMS 0x0000000747000000, 0x0000000747000000| Untracked 
|  57|0x0000000747200000, 0x0000000747400000, 0x0000000747400000|100%| O|  |TAMS 0x0000000747200000, 0x0000000747200000| Untracked 
|  58|0x0000000747400000, 0x0000000747600000, 0x0000000747600000|100%| O|  |TAMS 0x0000000747400000, 0x0000000747400000| Untracked 
|  59|0x0000000747600000, 0x0000000747800000, 0x0000000747800000|100%| O|  |TAMS 0x0000000747600000, 0x0000000747600000| Untracked 
|  60|0x0000000747800000, 0x0000000747a00000, 0x0000000747a00000|100%| O|  |TAMS 0x0000000747800000, 0x0000000747800000| Untracked 
|  61|0x0000000747a00000, 0x0000000747c00000, 0x0000000747c00000|100%| O|  |TAMS 0x0000000747a00000, 0x0000000747a00000| Untracked 
|  62|0x0000000747c00000, 0x0000000747e00000, 0x0000000747e00000|100%| O|  |TAMS 0x0000000747c00000, 0x0000000747c00000| Untracked 
|  63|0x0000000747e00000, 0x0000000748000000, 0x0000000748000000|100%| O|  |TAMS 0x0000000747e00000, 0x0000000747e00000| Untracked 
|  64|0x0000000748000000, 0x0000000748200000, 0x0000000748200000|100%| O|  |TAMS 0x0000000748000000, 0x0000000748000000| Untracked 
|  65|0x0000000748200000, 0x0000000748400000, 0x0000000748400000|100%| O|  |TAMS 0x0000000748200000, 0x0000000748200000| Untracked 
|  66|0x0000000748400000, 0x0000000748600000, 0x0000000748600000|100%| O|  |TAMS 0x0000000748400000, 0x0000000748400000| Untracked 
|  67|0x0000000748600000, 0x0000000748800000, 0x0000000748800000|100%| O|  |TAMS 0x0000000748600000, 0x0000000748600000| Untracked 
|  68|0x0000000748800000, 0x0000000748a00000, 0x0000000748a00000|100%| O|  |TAMS 0x0000000748800000, 0x0000000748800000| Untracked 
|  69|0x0000000748a00000, 0x0000000748c00000, 0x0000000748c00000|100%| O|  |TAMS 0x0000000748a00000, 0x0000000748a00000| Untracked 
|  70|0x0000000748c00000, 0x0000000748e00000, 0x0000000748e00000|100%| O|  |TAMS 0x0000000748c00000, 0x0000000748c00000| Untracked 
|  71|0x0000000748e00000, 0x0000000749000000, 0x0000000749000000|100%| O|  |TAMS 0x0000000748e00000, 0x0000000748e00000| Untracked 
|  72|0x0000000749000000, 0x0000000749200000, 0x0000000749200000|100%| O|  |TAMS 0x0000000749000000, 0x0000000749000000| Untracked 
|  73|0x0000000749200000, 0x0000000749400000, 0x0000000749400000|100%| O|  |TAMS 0x0000000749200000, 0x0000000749200000| Untracked 
|  74|0x0000000749400000, 0x0000000749600000, 0x0000000749600000|100%| O|  |TAMS 0x0000000749400000, 0x0000000749400000| Untracked 
|  75|0x0000000749600000, 0x0000000749800000, 0x0000000749800000|100%| O|  |TAMS 0x0000000749600000, 0x0000000749600000| Untracked 
|  76|0x0000000749800000, 0x0000000749a00000, 0x0000000749a00000|100%| O|  |TAMS 0x0000000749800000, 0x0000000749800000| Untracked 
|  77|0x0000000749a00000, 0x0000000749c00000, 0x0000000749c00000|100%| O|  |TAMS 0x0000000749a00000, 0x0000000749a00000| Untracked 
|  78|0x0000000749c00000, 0x0000000749e00000, 0x0000000749e00000|100%| O|  |TAMS 0x0000000749c00000, 0x0000000749c00000| Untracked 
|  79|0x0000000749e00000, 0x000000074a000000, 0x000000074a000000|100%| O|  |TAMS 0x0000000749e00000, 0x0000000749e00000| Untracked 
|  80|0x000000074a000000, 0x000000074a200000, 0x000000074a200000|100%| O|  |TAMS 0x000000074a000000, 0x000000074a000000| Untracked 
|  81|0x000000074a200000, 0x000000074a400000, 0x000000074a400000|100%| O|  |TAMS 0x000000074a200000, 0x000000074a200000| Untracked 
|  82|0x000000074a400000, 0x000000074a600000, 0x000000074a600000|100%| O|  |TAMS 0x000000074a400000, 0x000000074a400000| Untracked 
|  83|0x000000074a600000, 0x000000074a800000, 0x000000074a800000|100%| O|  |TAMS 0x000000074a600000, 0x000000074a600000| Untracked 
|  84|0x000000074a800000, 0x000000074aa00000, 0x000000074aa00000|100%| O|  |TAMS 0x000000074a800000, 0x000000074a800000| Untracked 
|  85|0x000000074aa00000, 0x000000074ac00000, 0x000000074ac00000|100%| O|  |TAMS 0x000000074aa00000, 0x000000074aa00000| Untracked 
|  86|0x000000074ac00000, 0x000000074ae00000, 0x000000074ae00000|100%| O|  |TAMS 0x000000074ac00000, 0x000000074ac00000| Untracked 
|  87|0x000000074ae00000, 0x000000074b000000, 0x000000074b000000|100%| O|  |TAMS 0x000000074ae00000, 0x000000074ae00000| Untracked 
|  88|0x000000074b000000, 0x000000074b200000, 0x000000074b200000|100%| O|  |TAMS 0x000000074b000000, 0x000000074b000000| Untracked 
|  89|0x000000074b200000, 0x000000074b400000, 0x000000074b400000|100%| O|  |TAMS 0x000000074b200000, 0x000000074b200000| Untracked 
|  90|0x000000074b400000, 0x000000074b600000, 0x000000074b600000|100%| O|  |TAMS 0x000000074b400000, 0x000000074b400000| Untracked 
|  91|0x000000074b600000, 0x000000074b800000, 0x000000074b800000|100%| O|  |TAMS 0x000000074b600000, 0x000000074b600000| Untracked 
|  92|0x000000074b800000, 0x000000074ba00000, 0x000000074ba00000|100%| O|  |TAMS 0x000000074b800000, 0x000000074b800000| Untracked 
|  93|0x000000074ba00000, 0x000000074bc00000, 0x000000074bc00000|100%| O|  |TAMS 0x000000074ba00000, 0x000000074ba00000| Untracked 
|  94|0x000000074bc00000, 0x000000074be00000, 0x000000074be00000|100%| O|  |TAMS 0x000000074bc00000, 0x000000074bc00000| Untracked 
|  95|0x000000074be00000, 0x000000074c000000, 0x000000074c000000|100%| O|  |TAMS 0x000000074be00000, 0x000000074be00000| Untracked 
|  96|0x000000074c000000, 0x000000074c200000, 0x000000074c200000|100%| O|  |TAMS 0x000000074c000000, 0x000000074c000000| Untracked 
|  97|0x000000074c200000, 0x000000074c400000, 0x000000074c400000|100%| O|  |TAMS 0x000000074c200000, 0x000000074c200000| Untracked 
|  98|0x000000074c400000, 0x000000074c600000, 0x000000074c600000|100%| O|  |TAMS 0x000000074c400000, 0x000000074c400000| Untracked 
|  99|0x000000074c600000, 0x000000074c800000, 0x000000074c800000|100%| O|  |TAMS 0x000000074c600000, 0x000000074c600000| Untracked 
| 100|0x000000074c800000, 0x000000074ca00000, 0x000000074ca00000|100%| O|  |TAMS 0x000000074c800000, 0x000000074c800000| Untracked 
| 101|0x000000074ca00000, 0x000000074cc00000, 0x000000074cc00000|100%| O|  |TAMS 0x000000074ca00000, 0x000000074ca00000| Untracked 
| 102|0x000000074cc00000, 0x000000074ce00000, 0x000000074ce00000|100%| O|  |TAMS 0x000000074cc00000, 0x000000074cc00000| Untracked 
| 103|0x000000074ce00000, 0x000000074d000000, 0x000000074d000000|100%| O|  |TAMS 0x000000074ce00000, 0x000000074ce00000| Untracked 
| 104|0x000000074d000000, 0x000000074d200000, 0x000000074d200000|100%| O|  |TAMS 0x000000074d000000, 0x000000074d000000| Untracked 
| 105|0x000000074d200000, 0x000000074d400000, 0x000000074d400000|100%| O|  |TAMS 0x000000074d200000, 0x000000074d200000| Untracked 
| 106|0x000000074d400000, 0x000000074d600000, 0x000000074d600000|100%| O|  |TAMS 0x000000074d400000, 0x000000074d400000| Untracked 
| 107|0x000000074d600000, 0x000000074d800000, 0x000000074d800000|100%| O|  |TAMS 0x000000074d600000, 0x000000074d600000| Untracked 
| 108|0x000000074d800000, 0x000000074da00000, 0x000000074da00000|100%| O|  |TAMS 0x000000074d800000, 0x000000074d800000| Untracked 
| 109|0x000000074da00000, 0x000000074dc00000, 0x000000074dc00000|100%| O|  |TAMS 0x000000074da00000, 0x000000074da00000| Untracked 
| 110|0x000000074dc00000, 0x000000074de00000, 0x000000074de00000|100%| O|  |TAMS 0x000000074dc00000, 0x000000074dc00000| Untracked 
| 111|0x000000074de00000, 0x000000074e000000, 0x000000074e000000|100%| O|  |TAMS 0x000000074de00000, 0x000000074de00000| Untracked 
| 112|0x000000074e000000, 0x000000074e200000, 0x000000074e200000|100%| O|  |TAMS 0x000000074e000000, 0x000000074e000000| Untracked 
| 113|0x000000074e200000, 0x000000074e400000, 0x000000074e400000|100%| O|  |TAMS 0x000000074e200000, 0x000000074e200000| Untracked 
| 114|0x000000074e400000, 0x000000074e600000, 0x000000074e600000|100%| O|  |TAMS 0x000000074e400000, 0x000000074e400000| Untracked 
| 115|0x000000074e600000, 0x000000074e800000, 0x000000074e800000|100%| O|  |TAMS 0x000000074e600000, 0x000000074e600000| Untracked 
| 116|0x000000074e800000, 0x000000074ea00000, 0x000000074ea00000|100%| O|  |TAMS 0x000000074e800000, 0x000000074e800000| Untracked 
| 117|0x000000074ea00000, 0x000000074ec00000, 0x000000074ec00000|100%| O|  |TAMS 0x000000074ea00000, 0x000000074ea00000| Untracked 
| 118|0x000000074ec00000, 0x000000074ee00000, 0x000000074ee00000|100%| O|  |TAMS 0x000000074ec00000, 0x000000074ec00000| Untracked 
| 119|0x000000074ee00000, 0x000000074f000000, 0x000000074f000000|100%| O|  |TAMS 0x000000074ee00000, 0x000000074ee00000| Untracked 
| 120|0x000000074f000000, 0x000000074f200000, 0x000000074f200000|100%| O|  |TAMS 0x000000074f000000, 0x000000074f000000| Untracked 
| 121|0x000000074f200000, 0x000000074f400000, 0x000000074f400000|100%| O|  |TAMS 0x000000074f200000, 0x000000074f200000| Untracked 
| 122|0x000000074f400000, 0x000000074f600000, 0x000000074f600000|100%| O|  |TAMS 0x000000074f400000, 0x000000074f400000| Untracked 
| 123|0x000000074f600000, 0x000000074f800000, 0x000000074f800000|100%| O|  |TAMS 0x000000074f600000, 0x000000074f600000| Untracked 
| 124|0x000000074f800000, 0x000000074fa00000, 0x000000074fa00000|100%| O|  |TAMS 0x000000074f800000, 0x000000074f800000| Untracked 
| 125|0x000000074fa00000, 0x000000074fc00000, 0x000000074fc00000|100%| O|  |TAMS 0x000000074fa00000, 0x000000074fa00000| Untracked 
| 126|0x000000074fc00000, 0x000000074fe00000, 0x000000074fe00000|100%| O|  |TAMS 0x000000074fc00000, 0x000000074fc00000| Untracked 
| 127|0x000000074fe00000, 0x0000000750000000, 0x0000000750000000|100%| O|  |TAMS 0x000000074fe00000, 0x000000074fe00000| Untracked 
| 128|0x0000000750000000, 0x0000000750200000, 0x0000000750200000|100%| O|  |TAMS 0x0000000750000000, 0x0000000750000000| Untracked 
| 129|0x0000000750200000, 0x0000000750400000, 0x0000000750400000|100%| O|  |TAMS 0x0000000750200000, 0x0000000750200000| Untracked 
| 130|0x0000000750400000, 0x0000000750600000, 0x0000000750600000|100%| O|  |TAMS 0x0000000750400000, 0x0000000750400000| Untracked 
| 131|0x0000000750600000, 0x0000000750800000, 0x0000000750800000|100%| O|  |TAMS 0x0000000750600000, 0x0000000750600000| Untracked 
| 132|0x0000000750800000, 0x0000000750a00000, 0x0000000750a00000|100%| O|  |TAMS 0x0000000750800000, 0x0000000750800000| Untracked 
| 133|0x0000000750a00000, 0x0000000750c00000, 0x0000000750c00000|100%| O|  |TAMS 0x0000000750a00000, 0x0000000750a00000| Untracked 
| 134|0x0000000750c00000, 0x0000000750e00000, 0x0000000750e00000|100%| O|  |TAMS 0x0000000750c00000, 0x0000000750c00000| Untracked 
| 135|0x0000000750e00000, 0x0000000751000000, 0x0000000751000000|100%| O|  |TAMS 0x0000000750e00000, 0x0000000750e00000| Untracked 
| 136|0x0000000751000000, 0x0000000751200000, 0x0000000751200000|100%| O|  |TAMS 0x0000000751000000, 0x0000000751000000| Untracked 
| 137|0x0000000751200000, 0x0000000751400000, 0x0000000751400000|100%| O|  |TAMS 0x0000000751200000, 0x0000000751200000| Untracked 
| 138|0x0000000751400000, 0x0000000751600000, 0x0000000751600000|100%| O|  |TAMS 0x0000000751400000, 0x0000000751400000| Untracked 
| 139|0x0000000751600000, 0x0000000751800000, 0x0000000751800000|100%| O|  |TAMS 0x0000000751600000, 0x0000000751600000| Untracked 
| 140|0x0000000751800000, 0x0000000751a00000, 0x0000000751a00000|100%| O|  |TAMS 0x0000000751800000, 0x0000000751800000| Untracked 
| 141|0x0000000751a00000, 0x0000000751c00000, 0x0000000751c00000|100%| O|  |TAMS 0x0000000751a00000, 0x0000000751a00000| Untracked 
| 142|0x0000000751c00000, 0x0000000751e00000, 0x0000000751e00000|100%| O|  |TAMS 0x0000000751c00000, 0x0000000751c00000| Untracked 
| 143|0x0000000751e00000, 0x0000000752000000, 0x0000000752000000|100%| O|  |TAMS 0x0000000751e00000, 0x0000000751e00000| Untracked 
| 144|0x0000000752000000, 0x0000000752200000, 0x0000000752200000|100%| O|  |TAMS 0x0000000752000000, 0x0000000752000000| Untracked 
| 145|0x0000000752200000, 0x0000000752400000, 0x0000000752400000|100%| O|  |TAMS 0x0000000752200000, 0x0000000752200000| Untracked 
| 146|0x0000000752400000, 0x0000000752600000, 0x0000000752600000|100%| O|  |TAMS 0x0000000752400000, 0x0000000752400000| Untracked 
| 147|0x0000000752600000, 0x0000000752800000, 0x0000000752800000|100%| O|  |TAMS 0x0000000752600000, 0x0000000752600000| Untracked 
| 148|0x0000000752800000, 0x0000000752a00000, 0x0000000752a00000|100%| O|  |TAMS 0x0000000752800000, 0x0000000752800000| Untracked 
| 149|0x0000000752a00000, 0x0000000752c00000, 0x0000000752c00000|100%| O|  |TAMS 0x0000000752a00000, 0x0000000752a00000| Untracked 
| 150|0x0000000752c00000, 0x0000000752e00000, 0x0000000752e00000|100%| O|  |TAMS 0x0000000752c00000, 0x0000000752c00000| Untracked 
| 151|0x0000000752e00000, 0x0000000753000000, 0x0000000753000000|100%| O|  |TAMS 0x0000000752e00000, 0x0000000752e00000| Untracked 
| 152|0x0000000753000000, 0x0000000753200000, 0x0000000753200000|100%| O|  |TAMS 0x0000000753000000, 0x0000000753000000| Untracked 
| 153|0x0000000753200000, 0x0000000753400000, 0x0000000753400000|100%| O|  |TAMS 0x0000000753200000, 0x0000000753200000| Untracked 
| 154|0x0000000753400000, 0x0000000753600000, 0x0000000753600000|100%| O|  |TAMS 0x0000000753400000, 0x0000000753400000| Untracked 
| 155|0x0000000753600000, 0x0000000753800000, 0x0000000753800000|100%| O|  |TAMS 0x0000000753600000, 0x0000000753600000| Untracked 
| 156|0x0000000753800000, 0x0000000753a00000, 0x0000000753a00000|100%| O|  |TAMS 0x0000000753800000, 0x0000000753800000| Untracked 
| 157|0x0000000753a00000, 0x0000000753c00000, 0x0000000753c00000|100%| O|  |TAMS 0x0000000753a00000, 0x0000000753a00000| Untracked 
| 158|0x0000000753c00000, 0x0000000753e00000, 0x0000000753e00000|100%| O|  |TAMS 0x0000000753c00000, 0x0000000753c00000| Untracked 
| 159|0x0000000753e00000, 0x0000000754000000, 0x0000000754000000|100%| O|  |TAMS 0x0000000753e00000, 0x0000000753e00000| Untracked 
| 160|0x0000000754000000, 0x0000000754200000, 0x0000000754200000|100%| O|  |TAMS 0x0000000754000000, 0x0000000754000000| Untracked 
| 161|0x0000000754200000, 0x0000000754400000, 0x0000000754400000|100%| O|  |TAMS 0x0000000754200000, 0x0000000754200000| Untracked 
| 162|0x0000000754400000, 0x0000000754600000, 0x0000000754600000|100%| O|  |TAMS 0x0000000754400000, 0x0000000754400000| Untracked 
| 163|0x0000000754600000, 0x0000000754800000, 0x0000000754800000|100%| O|  |TAMS 0x0000000754600000, 0x0000000754600000| Untracked 
| 164|0x0000000754800000, 0x0000000754a00000, 0x0000000754a00000|100%| O|  |TAMS 0x0000000754800000, 0x0000000754800000| Untracked 
| 165|0x0000000754a00000, 0x0000000754c00000, 0x0000000754c00000|100%| O|  |TAMS 0x0000000754a00000, 0x0000000754a00000| Untracked 
| 166|0x0000000754c00000, 0x0000000754e00000, 0x0000000754e00000|100%| O|  |TAMS 0x0000000754c00000, 0x0000000754c00000| Untracked 
| 167|0x0000000754e00000, 0x0000000755000000, 0x0000000755000000|100%| O|  |TAMS 0x0000000754e00000, 0x0000000754e00000| Untracked 
| 168|0x0000000755000000, 0x0000000755200000, 0x0000000755200000|100%| O|  |TAMS 0x0000000755000000, 0x0000000755000000| Untracked 
| 169|0x0000000755200000, 0x0000000755400000, 0x0000000755400000|100%| O|  |TAMS 0x0000000755200000, 0x0000000755200000| Untracked 
| 170|0x0000000755400000, 0x0000000755600000, 0x0000000755600000|100%| O|  |TAMS 0x0000000755400000, 0x0000000755400000| Untracked 
| 171|0x0000000755600000, 0x0000000755800000, 0x0000000755800000|100%| O|  |TAMS 0x0000000755600000, 0x0000000755600000| Untracked 
| 172|0x0000000755800000, 0x0000000755a00000, 0x0000000755a00000|100%| O|  |TAMS 0x0000000755800000, 0x0000000755800000| Untracked 
| 173|0x0000000755a00000, 0x0000000755c00000, 0x0000000755c00000|100%| O|  |TAMS 0x0000000755a00000, 0x0000000755a00000| Untracked 
| 174|0x0000000755c00000, 0x0000000755e00000, 0x0000000755e00000|100%| O|  |TAMS 0x0000000755c00000, 0x0000000755c00000| Untracked 
| 175|0x0000000755e00000, 0x0000000756000000, 0x0000000756000000|100%| O|  |TAMS 0x0000000755e00000, 0x0000000755e00000| Untracked 
| 176|0x0000000756000000, 0x0000000756200000, 0x0000000756200000|100%| O|  |TAMS 0x0000000756000000, 0x0000000756000000| Untracked 
| 177|0x0000000756200000, 0x0000000756400000, 0x0000000756400000|100%| O|  |TAMS 0x0000000756200000, 0x0000000756200000| Untracked 
| 178|0x0000000756400000, 0x0000000756600000, 0x0000000756600000|100%| O|  |TAMS 0x0000000756400000, 0x0000000756400000| Untracked 
| 179|0x0000000756600000, 0x0000000756800000, 0x0000000756800000|100%| O|  |TAMS 0x0000000756600000, 0x0000000756600000| Untracked 
| 180|0x0000000756800000, 0x0000000756a00000, 0x0000000756a00000|100%| O|  |TAMS 0x0000000756800000, 0x0000000756800000| Untracked 
| 181|0x0000000756a00000, 0x0000000756c00000, 0x0000000756c00000|100%| O|  |TAMS 0x0000000756a00000, 0x0000000756a00000| Untracked 
| 182|0x0000000756c00000, 0x0000000756e00000, 0x0000000756e00000|100%| O|  |TAMS 0x0000000756c00000, 0x0000000756c00000| Untracked 
| 183|0x0000000756e00000, 0x0000000757000000, 0x0000000757000000|100%| O|  |TAMS 0x0000000756e00000, 0x0000000756e00000| Untracked 
| 184|0x0000000757000000, 0x0000000757200000, 0x0000000757200000|100%| O|  |TAMS 0x0000000757000000, 0x0000000757000000| Untracked 
| 185|0x0000000757200000, 0x0000000757400000, 0x0000000757400000|100%| O|  |TAMS 0x0000000757200000, 0x0000000757200000| Untracked 
| 186|0x0000000757400000, 0x0000000757600000, 0x0000000757600000|100%| O|  |TAMS 0x0000000757400000, 0x0000000757400000| Untracked 
| 187|0x0000000757600000, 0x0000000757800000, 0x0000000757800000|100%| O|  |TAMS 0x0000000757600000, 0x0000000757600000| Untracked 
| 188|0x0000000757800000, 0x0000000757800000, 0x0000000757a00000|  0%| F|  |TAMS 0x0000000757800000, 0x0000000757800000| Untracked 
| 189|0x0000000757a00000, 0x0000000757a00000, 0x0000000757c00000|  0%| F|  |TAMS 0x0000000757a00000, 0x0000000757a00000| Untracked 
| 190|0x0000000757c00000, 0x0000000757c00000, 0x0000000757e00000|  0%| F|  |TAMS 0x0000000757c00000, 0x0000000757c00000| Untracked 
| 191|0x0000000757e00000, 0x0000000757e00000, 0x0000000758000000|  0%| F|  |TAMS 0x0000000757e00000, 0x0000000757e00000| Untracked 
| 192|0x0000000758000000, 0x0000000758000000, 0x0000000758200000|  0%| F|  |TAMS 0x0000000758000000, 0x0000000758000000| Untracked 
| 193|0x0000000758200000, 0x0000000758200000, 0x0000000758400000|  0%| F|  |TAMS 0x0000000758200000, 0x0000000758200000| Untracked 
| 194|0x0000000758400000, 0x0000000758400000, 0x0000000758600000|  0%| F|  |TAMS 0x0000000758400000, 0x0000000758400000| Untracked 
| 195|0x0000000758600000, 0x0000000758600000, 0x0000000758800000|  0%| F|  |TAMS 0x0000000758600000, 0x0000000758600000| Untracked 
| 196|0x0000000758800000, 0x0000000758800000, 0x0000000758a00000|  0%| F|  |TAMS 0x0000000758800000, 0x0000000758800000| Untracked 
| 197|0x0000000758a00000, 0x0000000758a00000, 0x0000000758c00000|  0%| F|  |TAMS 0x0000000758a00000, 0x0000000758a00000| Untracked 
| 198|0x0000000758c00000, 0x0000000758c00000, 0x0000000758e00000|  0%| F|  |TAMS 0x0000000758c00000, 0x0000000758c00000| Untracked 
| 199|0x0000000758e00000, 0x0000000758e00000, 0x0000000759000000|  0%| F|  |TAMS 0x0000000758e00000, 0x0000000758e00000| Untracked 
| 200|0x0000000759000000, 0x0000000759000000, 0x0000000759200000|  0%| F|  |TAMS 0x0000000759000000, 0x0000000759000000| Untracked 
| 201|0x0000000759200000, 0x0000000759200000, 0x0000000759400000|  0%| F|  |TAMS 0x0000000759200000, 0x0000000759200000| Untracked 
| 202|0x0000000759400000, 0x0000000759400000, 0x0000000759600000|  0%| F|  |TAMS 0x0000000759400000, 0x0000000759400000| Untracked 
| 203|0x0000000759600000, 0x0000000759600000, 0x0000000759800000|  0%| F|  |TAMS 0x0000000759600000, 0x0000000759600000| Untracked 
| 204|0x0000000759800000, 0x0000000759800000, 0x0000000759a00000|  0%| F|  |TAMS 0x0000000759800000, 0x0000000759800000| Untracked 
| 205|0x0000000759a00000, 0x0000000759a00000, 0x0000000759c00000|  0%| F|  |TAMS 0x0000000759a00000, 0x0000000759a00000| Untracked 
| 206|0x0000000759c00000, 0x0000000759c00000, 0x0000000759e00000|  0%| F|  |TAMS 0x0000000759c00000, 0x0000000759c00000| Untracked 
| 207|0x0000000759e00000, 0x0000000759e00000, 0x000000075a000000|  0%| F|  |TAMS 0x0000000759e00000, 0x0000000759e00000| Untracked 
| 208|0x000000075a000000, 0x000000075a000000, 0x000000075a200000|  0%| F|  |TAMS 0x000000075a000000, 0x000000075a000000| Untracked 
| 209|0x000000075a200000, 0x000000075a200000, 0x000000075a400000|  0%| F|  |TAMS 0x000000075a200000, 0x000000075a200000| Untracked 
| 210|0x000000075a400000, 0x000000075a400000, 0x000000075a600000|  0%| F|  |TAMS 0x000000075a400000, 0x000000075a400000| Untracked 
| 211|0x000000075a600000, 0x000000075a600000, 0x000000075a800000|  0%| F|  |TAMS 0x000000075a600000, 0x000000075a600000| Untracked 
| 212|0x000000075a800000, 0x000000075a800000, 0x000000075aa00000|  0%| F|  |TAMS 0x000000075a800000, 0x000000075a800000| Untracked 
| 213|0x000000075aa00000, 0x000000075aa00000, 0x000000075ac00000|  0%| F|  |TAMS 0x000000075aa00000, 0x000000075aa00000| Untracked 
| 214|0x000000075ac00000, 0x000000075ac00000, 0x000000075ae00000|  0%| F|  |TAMS 0x000000075ac00000, 0x000000075ac00000| Untracked 
| 215|0x000000075ae00000, 0x000000075ae00000, 0x000000075b000000|  0%| F|  |TAMS 0x000000075ae00000, 0x000000075ae00000| Untracked 
| 216|0x000000075b000000, 0x000000075b000000, 0x000000075b200000|  0%| F|  |TAMS 0x000000075b000000, 0x000000075b000000| Untracked 
| 217|0x000000075b200000, 0x000000075b200000, 0x000000075b400000|  0%| F|  |TAMS 0x000000075b200000, 0x000000075b200000| Untracked 
| 218|0x000000075b400000, 0x000000075b400000, 0x000000075b600000|  0%| F|  |TAMS 0x000000075b400000, 0x000000075b400000| Untracked 
| 219|0x000000075b600000, 0x000000075b600000, 0x000000075b800000|  0%| F|  |TAMS 0x000000075b600000, 0x000000075b600000| Untracked 
| 220|0x000000075b800000, 0x000000075b800000, 0x000000075ba00000|  0%| F|  |TAMS 0x000000075b800000, 0x000000075b800000| Untracked 
| 221|0x000000075ba00000, 0x000000075ba00000, 0x000000075bc00000|  0%| F|  |TAMS 0x000000075ba00000, 0x000000075ba00000| Untracked 
| 222|0x000000075bc00000, 0x000000075bc00000, 0x000000075be00000|  0%| F|  |TAMS 0x000000075bc00000, 0x000000075bc00000| Untracked 
| 223|0x000000075be00000, 0x000000075be00000, 0x000000075c000000|  0%| F|  |TAMS 0x000000075be00000, 0x000000075be00000| Untracked 
| 224|0x000000075c000000, 0x000000075c000000, 0x000000075c200000|  0%| F|  |TAMS 0x000000075c000000, 0x000000075c000000| Untracked 
| 225|0x000000075c200000, 0x000000075c200000, 0x000000075c400000|  0%| F|  |TAMS 0x000000075c200000, 0x000000075c200000| Untracked 
| 226|0x000000075c400000, 0x000000075c400000, 0x000000075c600000|  0%| F|  |TAMS 0x000000075c400000, 0x000000075c400000| Untracked 
| 227|0x000000075c600000, 0x000000075c600000, 0x000000075c800000|  0%| F|  |TAMS 0x000000075c600000, 0x000000075c600000| Untracked 
| 228|0x000000075c800000, 0x000000075c800000, 0x000000075ca00000|  0%| F|  |TAMS 0x000000075c800000, 0x000000075c800000| Untracked 
| 229|0x000000075ca00000, 0x000000075ca00000, 0x000000075cc00000|  0%| F|  |TAMS 0x000000075ca00000, 0x000000075ca00000| Untracked 
| 230|0x000000075cc00000, 0x000000075cc00000, 0x000000075ce00000|  0%| F|  |TAMS 0x000000075cc00000, 0x000000075cc00000| Untracked 
| 231|0x000000075ce00000, 0x000000075ce00000, 0x000000075d000000|  0%| F|  |TAMS 0x000000075ce00000, 0x000000075ce00000| Untracked 
| 232|0x000000075d000000, 0x000000075d000000, 0x000000075d200000|  0%| F|  |TAMS 0x000000075d000000, 0x000000075d000000| Untracked 
| 233|0x000000075d200000, 0x000000075d200000, 0x000000075d400000|  0%| F|  |TAMS 0x000000075d200000, 0x000000075d200000| Untracked 
| 234|0x000000075d400000, 0x000000075d400000, 0x000000075d600000|  0%| F|  |TAMS 0x000000075d400000, 0x000000075d400000| Untracked 
| 235|0x000000075d600000, 0x000000075d600000, 0x000000075d800000|  0%| F|  |TAMS 0x000000075d600000, 0x000000075d600000| Untracked 
| 236|0x000000075d800000, 0x000000075d800000, 0x000000075da00000|  0%| F|  |TAMS 0x000000075d800000, 0x000000075d800000| Untracked 
| 237|0x000000075da00000, 0x000000075da00000, 0x000000075dc00000|  0%| F|  |TAMS 0x000000075da00000, 0x000000075da00000| Untracked 
| 238|0x000000075dc00000, 0x000000075dc00000, 0x000000075de00000|  0%| F|  |TAMS 0x000000075dc00000, 0x000000075dc00000| Untracked 
| 239|0x000000075de00000, 0x000000075de00000, 0x000000075e000000|  0%| F|  |TAMS 0x000000075de00000, 0x000000075de00000| Untracked 
| 240|0x000000075e000000, 0x000000075e000000, 0x000000075e200000|  0%| F|  |TAMS 0x000000075e000000, 0x000000075e000000| Untracked 
| 241|0x000000075e200000, 0x000000075e200000, 0x000000075e400000|  0%| F|  |TAMS 0x000000075e200000, 0x000000075e200000| Untracked 
| 242|0x000000075e400000, 0x000000075e400000, 0x000000075e600000|  0%| F|  |TAMS 0x000000075e400000, 0x000000075e400000| Untracked 
| 243|0x000000075e600000, 0x000000075e600000, 0x000000075e800000|  0%| F|  |TAMS 0x000000075e600000, 0x000000075e600000| Untracked 
| 244|0x000000075e800000, 0x000000075e800000, 0x000000075ea00000|  0%| F|  |TAMS 0x000000075e800000, 0x000000075e800000| Untracked 
| 245|0x000000075ea00000, 0x000000075ea00000, 0x000000075ec00000|  0%| F|  |TAMS 0x000000075ea00000, 0x000000075ea00000| Untracked 
| 246|0x000000075ec00000, 0x000000075ec00000, 0x000000075ee00000|  0%| F|  |TAMS 0x000000075ec00000, 0x000000075ec00000| Untracked 
| 247|0x000000075ee00000, 0x000000075ee00000, 0x000000075f000000|  0%| F|  |TAMS 0x000000075ee00000, 0x000000075ee00000| Untracked 
| 248|0x000000075f000000, 0x000000075f000000, 0x000000075f200000|  0%| F|  |TAMS 0x000000075f000000, 0x000000075f000000| Untracked 
| 249|0x000000075f200000, 0x000000075f200000, 0x000000075f400000|  0%| F|  |TAMS 0x000000075f200000, 0x000000075f200000| Untracked 
| 250|0x000000075f400000, 0x000000075f400000, 0x000000075f600000|  0%| F|  |TAMS 0x000000075f400000, 0x000000075f400000| Untracked 
| 251|0x000000075f600000, 0x000000075f600000, 0x000000075f800000|  0%| F|  |TAMS 0x000000075f600000, 0x000000075f600000| Untracked 
| 252|0x000000075f800000, 0x000000075f800000, 0x000000075fa00000|  0%| F|  |TAMS 0x000000075f800000, 0x000000075f800000| Untracked 
| 253|0x000000075fa00000, 0x000000075fa00000, 0x000000075fc00000|  0%| F|  |TAMS 0x000000075fa00000, 0x000000075fa00000| Untracked 
| 254|0x000000075fc00000, 0x000000075fc00000, 0x000000075fe00000|  0%| F|  |TAMS 0x000000075fc00000, 0x000000075fc00000| Untracked 
| 255|0x000000075fe00000, 0x000000075fe00000, 0x0000000760000000|  0%| F|  |TAMS 0x000000075fe00000, 0x000000075fe00000| Untracked 
| 256|0x0000000760000000, 0x0000000760000000, 0x0000000760200000|  0%| F|  |TAMS 0x0000000760000000, 0x0000000760000000| Untracked 
| 257|0x0000000760200000, 0x0000000760200000, 0x0000000760400000|  0%| F|  |TAMS 0x0000000760200000, 0x0000000760200000| Untracked 
| 258|0x0000000760400000, 0x0000000760400000, 0x0000000760600000|  0%| F|  |TAMS 0x0000000760400000, 0x0000000760400000| Untracked 
| 259|0x0000000760600000, 0x0000000760600000, 0x0000000760800000|  0%| F|  |TAMS 0x0000000760600000, 0x0000000760600000| Untracked 
| 260|0x0000000760800000, 0x0000000760800000, 0x0000000760a00000|  0%| F|  |TAMS 0x0000000760800000, 0x0000000760800000| Untracked 
| 261|0x0000000760a00000, 0x0000000760a00000, 0x0000000760c00000|  0%| F|  |TAMS 0x0000000760a00000, 0x0000000760a00000| Untracked 
| 262|0x0000000760c00000, 0x0000000760c00000, 0x0000000760e00000|  0%| F|  |TAMS 0x0000000760c00000, 0x0000000760c00000| Untracked 
| 263|0x0000000760e00000, 0x0000000760e00000, 0x0000000761000000|  0%| F|  |TAMS 0x0000000760e00000, 0x0000000760e00000| Untracked 
| 264|0x0000000761000000, 0x0000000761000000, 0x0000000761200000|  0%| F|  |TAMS 0x0000000761000000, 0x0000000761000000| Untracked 
| 265|0x0000000761200000, 0x0000000761200000, 0x0000000761400000|  0%| F|  |TAMS 0x0000000761200000, 0x0000000761200000| Untracked 
| 266|0x0000000761400000, 0x0000000761400000, 0x0000000761600000|  0%| F|  |TAMS 0x0000000761400000, 0x0000000761400000| Untracked 
| 267|0x0000000761600000, 0x0000000761600000, 0x0000000761800000|  0%| F|  |TAMS 0x0000000761600000, 0x0000000761600000| Untracked 
| 268|0x0000000761800000, 0x0000000761800000, 0x0000000761a00000|  0%| F|  |TAMS 0x0000000761800000, 0x0000000761800000| Untracked 
| 269|0x0000000761a00000, 0x0000000761a00000, 0x0000000761c00000|  0%| F|  |TAMS 0x0000000761a00000, 0x0000000761a00000| Untracked 
| 270|0x0000000761c00000, 0x0000000761c00000, 0x0000000761e00000|  0%| F|  |TAMS 0x0000000761c00000, 0x0000000761c00000| Untracked 
| 271|0x0000000761e00000, 0x0000000761e00000, 0x0000000762000000|  0%| F|  |TAMS 0x0000000761e00000, 0x0000000761e00000| Untracked 
| 272|0x0000000762000000, 0x0000000762000000, 0x0000000762200000|  0%| F|  |TAMS 0x0000000762000000, 0x0000000762000000| Untracked 
| 273|0x0000000762200000, 0x0000000762200000, 0x0000000762400000|  0%| F|  |TAMS 0x0000000762200000, 0x0000000762200000| Untracked 
| 274|0x0000000762400000, 0x0000000762400000, 0x0000000762600000|  0%| F|  |TAMS 0x0000000762400000, 0x0000000762400000| Untracked 
| 275|0x0000000762600000, 0x0000000762600000, 0x0000000762800000|  0%| F|  |TAMS 0x0000000762600000, 0x0000000762600000| Untracked 
| 276|0x0000000762800000, 0x0000000762800000, 0x0000000762a00000|  0%| F|  |TAMS 0x0000000762800000, 0x0000000762800000| Untracked 
| 277|0x0000000762a00000, 0x0000000762a00000, 0x0000000762c00000|  0%| F|  |TAMS 0x0000000762a00000, 0x0000000762a00000| Untracked 
| 278|0x0000000762c00000, 0x0000000762c00000, 0x0000000762e00000|  0%| F|  |TAMS 0x0000000762c00000, 0x0000000762c00000| Untracked 
| 279|0x0000000762e00000, 0x0000000763000000, 0x0000000763000000|100%| S|CS|TAMS 0x0000000762e00000, 0x0000000762e00000| Complete 
| 280|0x0000000763000000, 0x0000000763000000, 0x0000000763200000|  0%| F|  |TAMS 0x0000000763000000, 0x0000000763000000| Untracked 
| 281|0x0000000763200000, 0x0000000763200000, 0x0000000763400000|  0%| F|  |TAMS 0x0000000763200000, 0x0000000763200000| Untracked 
| 282|0x0000000763400000, 0x0000000763400000, 0x0000000763600000|  0%| F|  |TAMS 0x0000000763400000, 0x0000000763400000| Untracked 
| 283|0x0000000763600000, 0x0000000763600000, 0x0000000763800000|  0%| F|  |TAMS 0x0000000763600000, 0x0000000763600000| Untracked 
| 284|0x0000000763800000, 0x0000000763800000, 0x0000000763a00000|  0%| F|  |TAMS 0x0000000763800000, 0x0000000763800000| Untracked 
| 285|0x0000000763a00000, 0x0000000763a00000, 0x0000000763c00000|  0%| F|  |TAMS 0x0000000763a00000, 0x0000000763a00000| Untracked 
| 286|0x0000000763c00000, 0x0000000763c00000, 0x0000000763e00000|  0%| F|  |TAMS 0x0000000763c00000, 0x0000000763c00000| Untracked 
| 287|0x0000000763e00000, 0x0000000763e00000, 0x0000000764000000|  0%| F|  |TAMS 0x0000000763e00000, 0x0000000763e00000| Untracked 
| 288|0x0000000764000000, 0x0000000764000000, 0x0000000764200000|  0%| F|  |TAMS 0x0000000764000000, 0x0000000764000000| Untracked 
| 289|0x0000000764200000, 0x0000000764200000, 0x0000000764400000|  0%| F|  |TAMS 0x0000000764200000, 0x0000000764200000| Untracked 
| 290|0x0000000764400000, 0x0000000764400000, 0x0000000764600000|  0%| F|  |TAMS 0x0000000764400000, 0x0000000764400000| Untracked 
| 291|0x0000000764600000, 0x0000000764600000, 0x0000000764800000|  0%| F|  |TAMS 0x0000000764600000, 0x0000000764600000| Untracked 
| 292|0x0000000764800000, 0x0000000764a00000, 0x0000000764a00000|100%| S|CS|TAMS 0x0000000764800000, 0x0000000764800000| Complete 
| 293|0x0000000764a00000, 0x0000000764c00000, 0x0000000764c00000|100%| S|CS|TAMS 0x0000000764a00000, 0x0000000764a00000| Complete 
| 294|0x0000000764c00000, 0x0000000764e00000, 0x0000000764e00000|100%| S|CS|TAMS 0x0000000764c00000, 0x0000000764c00000| Complete 
| 295|0x0000000764e00000, 0x0000000765000000, 0x0000000765000000|100%| S|CS|TAMS 0x0000000764e00000, 0x0000000764e00000| Complete 
| 296|0x0000000765000000, 0x0000000765200000, 0x0000000765200000|100%| S|CS|TAMS 0x0000000765000000, 0x0000000765000000| Complete 
| 297|0x0000000765200000, 0x0000000765400000, 0x0000000765400000|100%| S|CS|TAMS 0x0000000765200000, 0x0000000765200000| Complete 
| 298|0x0000000765400000, 0x0000000765600000, 0x0000000765600000|100%| S|CS|TAMS 0x0000000765400000, 0x0000000765400000| Complete 
| 299|0x0000000765600000, 0x0000000765800000, 0x0000000765800000|100%| S|CS|TAMS 0x0000000765600000, 0x0000000765600000| Complete 
| 300|0x0000000765800000, 0x0000000765a00000, 0x0000000765a00000|100%| S|CS|TAMS 0x0000000765800000, 0x0000000765800000| Complete 
| 301|0x0000000765a00000, 0x0000000765c00000, 0x0000000765c00000|100%| S|CS|TAMS 0x0000000765a00000, 0x0000000765a00000| Complete 
| 302|0x0000000765c00000, 0x0000000765e00000, 0x0000000765e00000|100%| S|CS|TAMS 0x0000000765c00000, 0x0000000765c00000| Complete 
| 303|0x0000000765e00000, 0x0000000765e00000, 0x0000000766000000|  0%| F|  |TAMS 0x0000000765e00000, 0x0000000765e00000| Untracked 
| 304|0x0000000766000000, 0x0000000766000000, 0x0000000766200000|  0%| F|  |TAMS 0x0000000766000000, 0x0000000766000000| Untracked 
| 305|0x0000000766200000, 0x0000000766200000, 0x0000000766400000|  0%| F|  |TAMS 0x0000000766200000, 0x0000000766200000| Untracked 
| 306|0x0000000766400000, 0x0000000766400000, 0x0000000766600000|  0%| F|  |TAMS 0x0000000766400000, 0x0000000766400000| Untracked 
| 307|0x0000000766600000, 0x0000000766600000, 0x0000000766800000|  0%| F|  |TAMS 0x0000000766600000, 0x0000000766600000| Untracked 
| 308|0x0000000766800000, 0x0000000766800000, 0x0000000766a00000|  0%| F|  |TAMS 0x0000000766800000, 0x0000000766800000| Untracked 
| 309|0x0000000766a00000, 0x0000000766a00000, 0x0000000766c00000|  0%| F|  |TAMS 0x0000000766a00000, 0x0000000766a00000| Untracked 
| 310|0x0000000766c00000, 0x0000000766c00000, 0x0000000766e00000|  0%| F|  |TAMS 0x0000000766c00000, 0x0000000766c00000| Untracked 
| 311|0x0000000766e00000, 0x0000000766e00000, 0x0000000767000000|  0%| F|  |TAMS 0x0000000766e00000, 0x0000000766e00000| Untracked 
| 312|0x0000000767000000, 0x0000000767000000, 0x0000000767200000|  0%| F|  |TAMS 0x0000000767000000, 0x0000000767000000| Untracked 
| 313|0x0000000767200000, 0x0000000767200000, 0x0000000767400000|  0%| F|  |TAMS 0x0000000767200000, 0x0000000767200000| Untracked 
| 314|0x0000000767400000, 0x0000000767400000, 0x0000000767600000|  0%| F|  |TAMS 0x0000000767400000, 0x0000000767400000| Untracked 
| 315|0x0000000767600000, 0x0000000767600000, 0x0000000767800000|  0%| F|  |TAMS 0x0000000767600000, 0x0000000767600000| Untracked 
| 316|0x0000000767800000, 0x0000000767800000, 0x0000000767a00000|  0%| F|  |TAMS 0x0000000767800000, 0x0000000767800000| Untracked 
| 317|0x0000000767a00000, 0x0000000767a00000, 0x0000000767c00000|  0%| F|  |TAMS 0x0000000767a00000, 0x0000000767a00000| Untracked 
| 318|0x0000000767c00000, 0x0000000767c00000, 0x0000000767e00000|  0%| F|  |TAMS 0x0000000767c00000, 0x0000000767c00000| Untracked 
| 319|0x0000000767e00000, 0x0000000767e00000, 0x0000000768000000|  0%| F|  |TAMS 0x0000000767e00000, 0x0000000767e00000| Untracked 
| 320|0x0000000768000000, 0x0000000768000000, 0x0000000768200000|  0%| F|  |TAMS 0x0000000768000000, 0x0000000768000000| Untracked 
| 321|0x0000000768200000, 0x0000000768200000, 0x0000000768400000|  0%| F|  |TAMS 0x0000000768200000, 0x0000000768200000| Untracked 
| 322|0x0000000768400000, 0x0000000768400000, 0x0000000768600000|  0%| F|  |TAMS 0x0000000768400000, 0x0000000768400000| Untracked 
| 323|0x0000000768600000, 0x0000000768600000, 0x0000000768800000|  0%| F|  |TAMS 0x0000000768600000, 0x0000000768600000| Untracked 
| 324|0x0000000768800000, 0x0000000768800000, 0x0000000768a00000|  0%| F|  |TAMS 0x0000000768800000, 0x0000000768800000| Untracked 
| 325|0x0000000768a00000, 0x0000000768a00000, 0x0000000768c00000|  0%| F|  |TAMS 0x0000000768a00000, 0x0000000768a00000| Untracked 
| 326|0x0000000768c00000, 0x0000000768c00000, 0x0000000768e00000|  0%| F|  |TAMS 0x0000000768c00000, 0x0000000768c00000| Untracked 
| 327|0x0000000768e00000, 0x0000000768e00000, 0x0000000769000000|  0%| F|  |TAMS 0x0000000768e00000, 0x0000000768e00000| Untracked 
| 328|0x0000000769000000, 0x0000000769000000, 0x0000000769200000|  0%| F|  |TAMS 0x0000000769000000, 0x0000000769000000| Untracked 
| 329|0x0000000769200000, 0x0000000769200000, 0x0000000769400000|  0%| F|  |TAMS 0x0000000769200000, 0x0000000769200000| Untracked 
| 330|0x0000000769400000, 0x0000000769400000, 0x0000000769600000|  0%| F|  |TAMS 0x0000000769400000, 0x0000000769400000| Untracked 
| 331|0x0000000769600000, 0x0000000769600000, 0x0000000769800000|  0%| F|  |TAMS 0x0000000769600000, 0x0000000769600000| Untracked 
| 332|0x0000000769800000, 0x0000000769800000, 0x0000000769a00000|  0%| F|  |TAMS 0x0000000769800000, 0x0000000769800000| Untracked 
| 333|0x0000000769a00000, 0x0000000769a00000, 0x0000000769c00000|  0%| F|  |TAMS 0x0000000769a00000, 0x0000000769a00000| Untracked 
| 334|0x0000000769c00000, 0x0000000769c00000, 0x0000000769e00000|  0%| F|  |TAMS 0x0000000769c00000, 0x0000000769c00000| Untracked 
| 335|0x0000000769e00000, 0x0000000769e00000, 0x000000076a000000|  0%| F|  |TAMS 0x0000000769e00000, 0x0000000769e00000| Untracked 
| 336|0x000000076a000000, 0x000000076a000000, 0x000000076a200000|  0%| F|  |TAMS 0x000000076a000000, 0x000000076a000000| Untracked 
| 337|0x000000076a200000, 0x000000076a200000, 0x000000076a400000|  0%| F|  |TAMS 0x000000076a200000, 0x000000076a200000| Untracked 
| 338|0x000000076a400000, 0x000000076a400000, 0x000000076a600000|  0%| F|  |TAMS 0x000000076a400000, 0x000000076a400000| Untracked 
| 339|0x000000076a600000, 0x000000076a600000, 0x000000076a800000|  0%| F|  |TAMS 0x000000076a600000, 0x000000076a600000| Untracked 
| 340|0x000000076a800000, 0x000000076a800000, 0x000000076aa00000|  0%| F|  |TAMS 0x000000076a800000, 0x000000076a800000| Untracked 
| 341|0x000000076aa00000, 0x000000076aa00000, 0x000000076ac00000|  0%| F|  |TAMS 0x000000076aa00000, 0x000000076aa00000| Untracked 
| 342|0x000000076ac00000, 0x000000076ac00000, 0x000000076ae00000|  0%| F|  |TAMS 0x000000076ac00000, 0x000000076ac00000| Untracked 
| 343|0x000000076ae00000, 0x000000076ae00000, 0x000000076b000000|  0%| F|  |TAMS 0x000000076ae00000, 0x000000076ae00000| Untracked 
| 344|0x000000076b000000, 0x000000076b000000, 0x000000076b200000|  0%| F|  |TAMS 0x000000076b000000, 0x000000076b000000| Untracked 
| 345|0x000000076b200000, 0x000000076b200000, 0x000000076b400000|  0%| F|  |TAMS 0x000000076b200000, 0x000000076b200000| Untracked 
| 346|0x000000076b400000, 0x000000076b400000, 0x000000076b600000|  0%| F|  |TAMS 0x000000076b400000, 0x000000076b400000| Untracked 
| 347|0x000000076b600000, 0x000000076b600000, 0x000000076b800000|  0%| F|  |TAMS 0x000000076b600000, 0x000000076b600000| Untracked 
| 348|0x000000076b800000, 0x000000076b800000, 0x000000076ba00000|  0%| F|  |TAMS 0x000000076b800000, 0x000000076b800000| Untracked 
| 349|0x000000076ba00000, 0x000000076ba00000, 0x000000076bc00000|  0%| F|  |TAMS 0x000000076ba00000, 0x000000076ba00000| Untracked 
| 350|0x000000076bc00000, 0x000000076bc00000, 0x000000076be00000|  0%| F|  |TAMS 0x000000076bc00000, 0x000000076bc00000| Untracked 
| 351|0x000000076be00000, 0x000000076be00000, 0x000000076c000000|  0%| F|  |TAMS 0x000000076be00000, 0x000000076be00000| Untracked 
| 352|0x000000076c000000, 0x000000076c000000, 0x000000076c200000|  0%| F|  |TAMS 0x000000076c000000, 0x000000076c000000| Untracked 
| 353|0x000000076c200000, 0x000000076c200000, 0x000000076c400000|  0%| F|  |TAMS 0x000000076c200000, 0x000000076c200000| Untracked 
| 354|0x000000076c400000, 0x000000076c400000, 0x000000076c600000|  0%| F|  |TAMS 0x000000076c400000, 0x000000076c400000| Untracked 
| 355|0x000000076c600000, 0x000000076c600000, 0x000000076c800000|  0%| F|  |TAMS 0x000000076c600000, 0x000000076c600000| Untracked 
| 356|0x000000076c800000, 0x000000076c800000, 0x000000076ca00000|  0%| F|  |TAMS 0x000000076c800000, 0x000000076c800000| Untracked 
| 357|0x000000076ca00000, 0x000000076ca00000, 0x000000076cc00000|  0%| F|  |TAMS 0x000000076ca00000, 0x000000076ca00000| Untracked 
| 358|0x000000076cc00000, 0x000000076cc00000, 0x000000076ce00000|  0%| F|  |TAMS 0x000000076cc00000, 0x000000076cc00000| Untracked 
| 359|0x000000076ce00000, 0x000000076ce00000, 0x000000076d000000|  0%| F|  |TAMS 0x000000076ce00000, 0x000000076ce00000| Untracked 
| 360|0x000000076d000000, 0x000000076d000000, 0x000000076d200000|  0%| F|  |TAMS 0x000000076d000000, 0x000000076d000000| Untracked 
| 361|0x000000076d200000, 0x000000076d200000, 0x000000076d400000|  0%| F|  |TAMS 0x000000076d200000, 0x000000076d200000| Untracked 
| 362|0x000000076d400000, 0x000000076d400000, 0x000000076d600000|  0%| F|  |TAMS 0x000000076d400000, 0x000000076d400000| Untracked 
| 363|0x000000076d600000, 0x000000076d600000, 0x000000076d800000|  0%| F|  |TAMS 0x000000076d600000, 0x000000076d600000| Untracked 
| 364|0x000000076d800000, 0x000000076d800000, 0x000000076da00000|  0%| F|  |TAMS 0x000000076d800000, 0x000000076d800000| Untracked 
| 365|0x000000076da00000, 0x000000076da00000, 0x000000076dc00000|  0%| F|  |TAMS 0x000000076da00000, 0x000000076da00000| Untracked 
| 366|0x000000076dc00000, 0x000000076dc00000, 0x000000076de00000|  0%| F|  |TAMS 0x000000076dc00000, 0x000000076dc00000| Untracked 
| 367|0x000000076de00000, 0x000000076de00000, 0x000000076e000000|  0%| F|  |TAMS 0x000000076de00000, 0x000000076de00000| Untracked 
| 368|0x000000076e000000, 0x000000076e000000, 0x000000076e200000|  0%| F|  |TAMS 0x000000076e000000, 0x000000076e000000| Untracked 
| 369|0x000000076e200000, 0x000000076e200000, 0x000000076e400000|  0%| F|  |TAMS 0x000000076e200000, 0x000000076e200000| Untracked 
| 370|0x000000076e400000, 0x000000076e400000, 0x000000076e600000|  0%| F|  |TAMS 0x000000076e400000, 0x000000076e400000| Untracked 
| 371|0x000000076e600000, 0x000000076e600000, 0x000000076e800000|  0%| F|  |TAMS 0x000000076e600000, 0x000000076e600000| Untracked 
| 372|0x000000076e800000, 0x000000076e800000, 0x000000076ea00000|  0%| F|  |TAMS 0x000000076e800000, 0x000000076e800000| Untracked 
| 373|0x000000076ea00000, 0x000000076ea00000, 0x000000076ec00000|  0%| F|  |TAMS 0x000000076ea00000, 0x000000076ea00000| Untracked 
| 374|0x000000076ec00000, 0x000000076ec00000, 0x000000076ee00000|  0%| F|  |TAMS 0x000000076ec00000, 0x000000076ec00000| Untracked 
| 375|0x000000076ee00000, 0x000000076ee00000, 0x000000076f000000|  0%| F|  |TAMS 0x000000076ee00000, 0x000000076ee00000| Untracked 
| 376|0x000000076f000000, 0x000000076f000000, 0x000000076f200000|  0%| F|  |TAMS 0x000000076f000000, 0x000000076f000000| Untracked 
| 377|0x000000076f200000, 0x000000076f200000, 0x000000076f400000|  0%| F|  |TAMS 0x000000076f200000, 0x000000076f200000| Untracked 
| 378|0x000000076f400000, 0x000000076f400000, 0x000000076f600000|  0%| F|  |TAMS 0x000000076f400000, 0x000000076f400000| Untracked 
| 379|0x000000076f600000, 0x000000076f600000, 0x000000076f800000|  0%| F|  |TAMS 0x000000076f600000, 0x000000076f600000| Untracked 
| 380|0x000000076f800000, 0x000000076f800000, 0x000000076fa00000|  0%| F|  |TAMS 0x000000076f800000, 0x000000076f800000| Untracked 

Card table byte_map: [0x000001cc54fc0000,0x000001cc555c0000] _byte_map_base: 0x000001cc515c0000

Marking Bits (Prev, Next): (CMBitMap*) 0x000001cc3ae1d9a0, (CMBitMap*) 0x000001cc3ae1d9e0
 Prev Bits: [0x000001cc55bc0000, 0x000001cc58bc0000)
 Next Bits: [0x000001cc58bc0000, 0x000001cc5bbc0000)

Polling page: 0x000001cc3aea0000

Metaspace:

Usage:
  Non-class:      1.52 MB used.
      Class:    117.86 KB used.
       Both:      1.63 MB used.

Virtual space:
  Non-class space:        8.00 MB reserved,       1.62 MB ( 20%) committed,  1 nodes.
      Class space:        1.00 GB reserved,     192.00 KB ( <1%) committed,  1 nodes.
              Both:        1.01 GB reserved,       1.81 MB ( <1%) committed. 

Chunk freelists:
   Non-Class:  3.48 MB
       Class:  3.66 MB
        Both:  7.14 MB

MaxMetaspaceSize: 17179869184.00 GB
CompressedClassSpaceSize: 1.00 GB
 - commit_granule_bytes: 65536.
 - commit_granule_words: 8192.
 - virtual_space_node_default_size: 1048576.
 - enlarge_chunks_in_place: 1.
 - new_chunks_are_fully_committed: 0.
 - uncommit_free_chunks: 1.
 - use_allocation_guard: 0.
 - handle_deallocations: 1.


Internal statistics:

num_allocs_failed_limit: 0.
num_arena_births: 28.
num_arena_deaths: 0.
num_vsnodes_births: 2.
num_vsnodes_deaths: 0.
num_space_committed: 29.
num_space_uncommitted: 0.
num_chunks_returned_to_freelist: 0.
num_chunks_taken_from_freelist: 70.
num_chunk_merges: 0.
num_chunk_splits: 40.
num_chunks_enlarged: 29.
num_purges: 0.

CodeHeap 'non-profiled nmethods': size=120000Kb used=1452Kb max_used=1452Kb free=118547Kb
 bounds [0x000001cc4ca10000, 0x000001cc4cc80000, 0x000001cc53f40000]
CodeHeap 'profiled nmethods': size=120000Kb used=1834Kb max_used=1834Kb free=118165Kb
 bounds [0x000001cc454e0000, 0x000001cc45750000, 0x000001cc4ca10000]
CodeHeap 'non-nmethods': size=5760Kb used=1123Kb max_used=1241Kb free=4636Kb
 bounds [0x000001cc44f40000, 0x000001cc451b0000, 0x000001cc454e0000]
 total_blobs=1461 nmethods=1063 adapters=311
 compilation: enabled
              stopped_count=0, restarted_count=0
 full_count=0

Compilation events (20 events):
Event: 6.194 Thread 0x000001cc5e664520 1062       4       org.jetbrains.java.decompiler.struct.StructMethod::<init> (84 bytes)
Event: 6.199 Thread 0x000001cc5e664520 nmethod 1062 0x000001cc4cb72e10 code [0x000001cc4cb72f80, 0x000001cc4cb73398]
Event: 6.228 Thread 0x000001cc5e664520 1063       4       org.jetbrains.java.decompiler.struct.gen.VarType::getFamily (107 bytes)
Event: 6.229 Thread 0x000001cc5e664520 nmethod 1063 0x000001cc4cb73410 code [0x000001cc4cb73580, 0x000001cc4cb735f8]
Event: 6.229 Thread 0x000001cc5e664520 1064       4       org.jetbrains.java.decompiler.struct.gen.VarType::getStackSize (54 bytes)
Event: 6.230 Thread 0x000001cc5e664520 nmethod 1064 0x000001cc4cb73710 code [0x000001cc4cb738a0, 0x000001cc4cb73958]
Event: 6.237 Thread 0x000001cc5e664520 1067       4       org.jetbrains.java.decompiler.struct.attr.StructBootstrapMethodsAttribute::initContent (106 bytes)
Event: 6.237 Thread 0x000001cc5e66d280 1065       3       org.jetbrains.java.decompiler.struct.gen.FieldDescriptor::parseDescriptor (9 bytes)
Event: 6.238 Thread 0x000001cc5e66d280 nmethod 1065 0x000001cc456a9d10 code [0x000001cc456a9ee0, 0x000001cc456aa2e8]
Event: 6.238 Thread 0x000001cc5e66d280 1066       3       org.jetbrains.java.decompiler.struct.gen.FieldDescriptor::<init> (22 bytes)
Event: 6.238 Thread 0x000001cc5e66d280 nmethod 1066 0x000001cc456aa490 code [0x000001cc456aa660, 0x000001cc456aa9a8]
Event: 6.413 Thread 0x000001cc5e664520 nmethod 1067 0x000001cc4cb73a10 code [0x000001cc4cb73ce0, 0x000001cc4cb76f78]
Event: 7.025 Thread 0x000001cc5e664520 1068       4       org.jetbrains.java.decompiler.struct.gen.VarType::<init> (193 bytes)
Event: 7.037 Thread 0x000001cc5e664520 nmethod 1068 0x000001cc4cb78690 code [0x000001cc4cb78860, 0x000001cc4cb78f98]
Event: 7.057 Thread 0x000001cc5e664520 1069       4       java.io.DataInputStream::readLong (128 bytes)
Event: 7.066 Thread 0x000001cc5e664520 nmethod 1069 0x000001cc4cb79490 code [0x000001cc4cb79640, 0x000001cc4cb79c78]
Event: 7.128 Thread 0x000001cc5e664520 1070       4       java.io.DataInputStream::readFloat (8 bytes)
Event: 7.135 Thread 0x000001cc5e664520 nmethod 1070 0x000001cc4cb7a110 code [0x000001cc4cb7a2e0, 0x000001cc4cb7abd8]
Event: 7.135 Thread 0x000001cc5e664520 1071       4       java.lang.Float::valueOf (9 bytes)
Event: 7.136 Thread 0x000001cc5e664520 nmethod 1071 0x000001cc4cb7b090 code [0x000001cc4cb7b220, 0x000001cc4cb7b2d8]

GC Heap History (20 events):
Event: 0.649 GC heap after
{Heap after GC invocations=3 (full 0):
 garbage-first heap   total 204800K, used 22528K [0x0000000740000000, 0x0000000800000000)
  region size 2048K, 1 young (2048K), 1 survivors (2048K)
 Metaspace       used 865K, committed 960K, reserved 1056768K
  class space    used 59K, committed 128K, reserved 1048576K
}
Event: 0.818 GC heap before
{Heap before GC invocations=3 (full 0):
 garbage-first heap   total 204800K, used 57344K [0x0000000740000000, 0x0000000800000000)
  region size 2048K, 18 young (36864K), 1 survivors (2048K)
 Metaspace       used 914K, committed 1088K, reserved 1056768K
  class space    used 60K, committed 128K, reserved 1048576K
}
Event: 0.848 GC heap after
{Heap after GC invocations=4 (full 0):
 garbage-first heap   total 204800K, used 37590K [0x0000000740000000, 0x0000000800000000)
  region size 2048K, 3 young (6144K), 3 survivors (6144K)
 Metaspace       used 914K, committed 1088K, reserved 1056768K
  class space    used 60K, committed 128K, reserved 1048576K
}
Event: 1.277 GC heap before
{Heap before GC invocations=4 (full 0):
 garbage-first heap   total 204800K, used 66262K [0x0000000740000000, 0x0000000800000000)
  region size 2048K, 17 young (34816K), 3 survivors (6144K)
 Metaspace       used 1629K, committed 1792K, reserved 1056768K
  class space    used 117K, committed 192K, reserved 1048576K
}
Event: 1.304 GC heap after
{Heap after GC invocations=5 (full 0):
 garbage-first heap   total 473088K, used 49000K [0x0000000740000000, 0x0000000800000000)
  region size 2048K, 3 young (6144K), 3 survivors (6144K)
 Metaspace       used 1629K, committed 1792K, reserved 1056768K
  class space    used 117K, committed 192K, reserved 1048576K
}
Event: 1.740 GC heap before
{Heap before GC invocations=5 (full 0):
 garbage-first heap   total 473088K, used 102248K [0x0000000740000000, 0x0000000800000000)
  region size 2048K, 29 young (59392K), 3 survivors (6144K)
 Metaspace       used 1633K, committed 1792K, reserved 1056768K
  class space    used 117K, committed 192K, reserved 1048576K
}
Event: 1.767 GC heap after
{Heap after GC invocations=6 (full 0):
 garbage-first heap   total 473088K, used 69554K [0x0000000740000000, 0x0000000800000000)
  region size 2048K, 4 young (8192K), 4 survivors (8192K)
 Metaspace       used 1633K, committed 1792K, reserved 1056768K
  class space    used 117K, committed 192K, reserved 1048576K
}
Event: 2.278 GC heap before
{Heap before GC invocations=6 (full 0):
 garbage-first heap   total 473088K, used 141234K [0x0000000740000000, 0x0000000800000000)
  region size 2048K, 39 young (79872K), 4 survivors (8192K)
 Metaspace       used 1652K, committed 1792K, reserved 1056768K
  class space    used 117K, committed 192K, reserved 1048576K
}
Event: 2.336 GC heap after
{Heap after GC invocations=7 (full 0):
 garbage-first heap   total 473088K, used 104824K [0x0000000740000000, 0x0000000800000000)
  region size 2048K, 5 young (10240K), 5 survivors (10240K)
 Metaspace       used 1652K, committed 1792K, reserved 1056768K
  class space    used 117K, committed 192K, reserved 1048576K
}
Event: 2.900 GC heap before
{Heap before GC invocations=7 (full 0):
 garbage-first heap   total 473088K, used 190840K [0x0000000740000000, 0x0000000800000000)
  region size 2048K, 46 young (94208K), 5 survivors (10240K)
 Metaspace       used 1662K, committed 1856K, reserved 1056768K
  class space    used 117K, committed 192K, reserved 1048576K
}
Event: 2.944 GC heap after
{Heap after GC invocations=8 (full 0):
 garbage-first heap   total 473088K, used 141312K [0x0000000740000000, 0x0000000800000000)
  region size 2048K, 6 young (12288K), 6 survivors (12288K)
 Metaspace       used 1662K, committed 1856K, reserved 1056768K
  class space    used 117K, committed 192K, reserved 1048576K
}
Event: 3.528 GC heap before
{Heap before GC invocations=8 (full 0):
 garbage-first heap   total 473088K, used 243712K [0x0000000740000000, 0x0000000800000000)
  region size 2048K, 56 young (114688K), 6 survivors (12288K)
 Metaspace       used 1665K, committed 1856K, reserved 1056768K
  class space    used 117K, committed 192K, reserved 1048576K
}
Event: 3.585 GC heap after
{Heap after GC invocations=9 (full 0):
 garbage-first heap   total 780288K, used 184320K [0x0000000740000000, 0x0000000800000000)
  region size 2048K, 7 young (14336K), 7 survivors (14336K)
 Metaspace       used 1665K, committed 1856K, reserved 1056768K
  class space    used 117K, committed 192K, reserved 1048576K
}
Event: 4.358 GC heap before
{Heap before GC invocations=9 (full 0):
 garbage-first heap   total 780288K, used 301056K [0x0000000740000000, 0x0000000800000000)
  region size 2048K, 64 young (131072K), 7 survivors (14336K)
 Metaspace       used 1665K, committed 1856K, reserved 1056768K
  class space    used 117K, committed 192K, reserved 1048576K
}
Event: 4.413 GC heap after
{Heap after GC invocations=10 (full 0):
 garbage-first heap   total 780288K, used 235258K [0x0000000740000000, 0x0000000800000000)
  region size 2048K, 8 young (16384K), 8 survivors (16384K)
 Metaspace       used 1665K, committed 1856K, reserved 1056768K
  class space    used 117K, committed 192K, reserved 1048576K
}
Event: 5.249 GC heap before
{Heap before GC invocations=10 (full 0):
 garbage-first heap   total 780288K, used 380666K [0x0000000740000000, 0x0000000800000000)
  region size 2048K, 79 young (161792K), 8 survivors (16384K)
 Metaspace       used 1666K, committed 1856K, reserved 1056768K
  class space    used 117K, committed 192K, reserved 1048576K
}
Event: 5.334 GC heap after
{Heap after GC invocations=11 (full 0):
 garbage-first heap   total 780288K, used 293888K [0x0000000740000000, 0x0000000800000000)
  region size 2048K, 10 young (20480K), 10 survivors (20480K)
 Metaspace       used 1666K, committed 1856K, reserved 1056768K
  class space    used 117K, committed 192K, reserved 1048576K
}
Event: 6.265 GC heap before
{Heap before GC invocations=11 (full 0):
 garbage-first heap   total 780288K, used 457728K [0x0000000740000000, 0x0000000800000000)
  region size 2048K, 89 young (182272K), 10 survivors (20480K)
 Metaspace       used 1672K, committed 1856K, reserved 1056768K
  class space    used 117K, committed 192K, reserved 1048576K
}
Event: 6.346 GC heap after
{Heap after GC invocations=12 (full 0):
 garbage-first heap   total 780288K, used 356352K [0x0000000740000000, 0x0000000800000000)
  region size 2048K, 12 young (24576K), 12 survivors (24576K)
 Metaspace       used 1672K, committed 1856K, reserved 1056768K
  class space    used 117K, committed 192K, reserved 1048576K
}
Event: 7.183 GC heap before
{Heap before GC invocations=12 (full 0):
 garbage-first heap   total 780288K, used 516096K [0x0000000740000000, 0x0000000800000000)
  region size 2048K, 90 young (184320K), 12 survivors (24576K)
 Metaspace       used 1672K, committed 1856K, reserved 1056768K
  class space    used 117K, committed 192K, reserved 1048576K
}

Deoptimization events (20 events):
Event: 5.629 Thread 0x000001cc3addbe10 DEOPT PACKING pc=0x000001cc456612e8 sp=0x0000007c022fee40
Event: 5.629 Thread 0x000001cc3addbe10 DEOPT UNPACKING pc=0x000001cc44f8dece sp=0x0000007c022fe2d0 mode 0
Event: 5.629 Thread 0x000001cc3addbe10 DEOPT PACKING pc=0x000001cc456a0656 sp=0x0000007c022fead0
Event: 5.629 Thread 0x000001cc3addbe10 DEOPT UNPACKING pc=0x000001cc44f8dece sp=0x0000007c022fdf58 mode 0
Event: 5.682 Thread 0x000001cc3addbe10 DEOPT PACKING pc=0x000001cc456a0656 sp=0x0000007c022fecf0
Event: 5.682 Thread 0x000001cc3addbe10 DEOPT UNPACKING pc=0x000001cc44f8dece sp=0x0000007c022fe178 mode 0
Event: 5.684 Thread 0x000001cc3addbe10 DEOPT PACKING pc=0x000001cc456a0656 sp=0x0000007c022fead0
Event: 5.684 Thread 0x000001cc3addbe10 DEOPT UNPACKING pc=0x000001cc44f8dece sp=0x0000007c022fdf58 mode 0
Event: 6.031 Thread 0x000001cc3addbe10 Uncommon trap: trap_request=0xffffff45 fr.pc=0x000001cc4cb60e90 relative=0x0000000000000450
Event: 6.031 Thread 0x000001cc3addbe10 Uncommon trap: reason=unstable_if action=reinterpret pc=0x000001cc4cb60e90 method=java.util.jar.Manifest$FastInputStream.readLine([BII)I @ 106 c2
Event: 6.031 Thread 0x000001cc3addbe10 DEOPT PACKING pc=0x000001cc4cb60e90 sp=0x0000007c022fee40
Event: 6.031 Thread 0x000001cc3addbe10 DEOPT UNPACKING pc=0x000001cc44f8d72e sp=0x0000007c022fedd0 mode 2
Event: 6.042 Thread 0x000001cc3addbe10 Uncommon trap: trap_request=0xffffff45 fr.pc=0x000001cc4cabc638 relative=0x0000000000001b98
Event: 6.042 Thread 0x000001cc3addbe10 Uncommon trap: reason=unstable_if action=reinterpret pc=0x000001cc4cabc638 method=org.jetbrains.java.decompiler.struct.StructMethod.create(Lorg/jetbrains/java/decompiler/util/DataInputFullStream;Lorg/jetbrains/java/decompiler/struct/consts/ConstantPool;Lj
Event: 6.042 Thread 0x000001cc3addbe10 DEOPT PACKING pc=0x000001cc4cabc638 sp=0x0000007c022ff040
Event: 6.042 Thread 0x000001cc3addbe10 DEOPT UNPACKING pc=0x000001cc44f8d72e sp=0x0000007c022fefd0 mode 2
Event: 6.042 Thread 0x000001cc3addbe10 Uncommon trap: trap_request=0xffffff45 fr.pc=0x000001cc4caac260 relative=0x00000000000003c0
Event: 6.042 Thread 0x000001cc3addbe10 Uncommon trap: reason=unstable_if action=reinterpret pc=0x000001cc4caac260 method=org.jetbrains.java.decompiler.struct.StructMethod.<init>(ILjava/util/Map;Ljava/lang/String;Ljava/lang/String;ILorg/jetbrains/java/decompiler/struct/attr/StructCodeAttribute;
Event: 6.042 Thread 0x000001cc3addbe10 DEOPT PACKING pc=0x000001cc4caac260 sp=0x0000007c022fef90
Event: 6.042 Thread 0x000001cc3addbe10 DEOPT UNPACKING pc=0x000001cc44f8d72e sp=0x0000007c022fef50 mode 2

Classes unloaded (0 events):
No events

Classes redefined (0 events):
No events

Internal exceptions (5 events):
Event: 0.277 Thread 0x000001cc3addbe10 Exception <a 'java/lang/NoSuchMethodError'{0x000000074c4a1ad0}: 'int java.lang.invoke.DirectMethodHandle$Holder.invokeStaticInit(java.lang.Object, java.lang.Object)'> (0x000000074c4a1ad0) 
thrown [c:\jenkins\workspace\zulu16-build-win64\zulu-src.git\src\hotspot\share\interpreter\linkResolver.cpp, line 790]
Event: 0.291 Thread 0x000001cc3addbe10 Exception <a 'java/lang/IncompatibleClassChangeError'{0x000000074c4c6750}: Found class java.lang.Object, but interface was expected> (0x000000074c4c6750) 
thrown [c:\jenkins\workspace\zulu16-build-win64\zulu-src.git\src\hotspot\share\interpreter\linkResolver.cpp, line 857]
Event: 0.877 Thread 0x000001cc3addbe10 Exception <a 'java/lang/NoSuchMethodError'{0x000000074c7798a0}: 'java.lang.Object java.lang.invoke.DirectMethodHandle$Holder.invokeStaticInit(java.lang.Object, java.lang.Object, java.lang.Object)'> (0x000000074c7798a0) 
thrown [c:\jenkins\workspace\zulu16-build-win64\zulu-src.git\src\hotspot\share\interpreter\linkResolver.cpp, line 790]
Event: 1.887 Thread 0x000001cc3addbe10 Implicit null exception at 0x000001cc4ca73aa4 to 0x000001cc4ca73bd8
Event: 2.524 Thread 0x000001cc3addbe10 Implicit null exception at 0x000001cc4caf2de0 to 0x000001cc4caff8fc

Events (20 events):
Event: 0.943 Executing  VM operation: HandshakeAllThreads done
Event: 1.277 Executing  VM operation: G1CollectForAllocation
Event: 1.305 Executing  VM operation: G1CollectForAllocation done
Event: 1.739 Executing  VM operation: G1CollectForAllocation
Event: 1.767 Executing  VM operation: G1CollectForAllocation done
Event: 2.278 Executing  VM operation: G1CollectForAllocation
Event: 2.336 Executing  VM operation: G1CollectForAllocation done
Event: 2.900 Executing  VM operation: G1CollectForAllocation
Event: 2.944 Executing  VM operation: G1CollectForAllocation done
Event: 3.256 Thread 0x000001cc5f304ed0 Thread exited: 0x000001cc5f304ed0
Event: 3.528 Executing  VM operation: G1CollectForAllocation
Event: 3.585 Executing  VM operation: G1CollectForAllocation done
Event: 4.109 Thread 0x000001cc5f21ebb0 Thread exited: 0x000001cc5f21ebb0
Event: 4.358 Executing  VM operation: G1CollectForAllocation
Event: 4.413 Executing  VM operation: G1CollectForAllocation done
Event: 5.249 Executing  VM operation: G1CollectForAllocation
Event: 5.335 Executing  VM operation: G1CollectForAllocation done
Event: 6.265 Executing  VM operation: G1CollectForAllocation
Event: 6.346 Executing  VM operation: G1CollectForAllocation done
Event: 7.183 Executing  VM operation: G1CollectForAllocation


Dynamic libraries:
0x00007ff61bad0000 - 0x00007ff61bade000 	C:\Program Files\Zulu\zulu-16\bin\java.exe
0x00007ffa0c030000 - 0x00007ffa0c225000 	C:\WINDOWS\SYSTEM32\ntdll.dll
0x00007ffa0ae80000 - 0x00007ffa0af3d000 	C:\WINDOWS\System32\KERNEL32.DLL
0x00007ffa099a0000 - 0x00007ffa09c69000 	C:\WINDOWS\System32\KERNELBASE.dll
0x00007ffa098a0000 - 0x00007ffa099a0000 	C:\WINDOWS\System32\ucrtbase.dll
0x00007ffa027b0000 - 0x00007ffa027c8000 	C:\Program Files\Zulu\zulu-16\bin\jli.dll
0x00007ffa014f0000 - 0x00007ffa0150a000 	C:\Program Files\Zulu\zulu-16\bin\VCRUNTIME140.dll
0x00007ffa0ab10000 - 0x00007ffa0acb0000 	C:\WINDOWS\System32\USER32.dll
0x00007ffa097c0000 - 0x00007ffa097e2000 	C:\WINDOWS\System32\win32u.dll
0x00007ff9f0ff0000 - 0x00007ff9f128a000 	C:\WINDOWS\WinSxS\amd64_microsoft.windows.common-controls_6595b64144ccf1df_6.0.19041.1110_none_60b5254171f9507e\COMCTL32.dll
0x00007ffa0b410000 - 0x00007ffa0b43a000 	C:\WINDOWS\System32\GDI32.dll
0x00007ffa0ade0000 - 0x00007ffa0ae7e000 	C:\WINDOWS\System32\msvcrt.dll
0x00007ffa09f80000 - 0x00007ffa0a08b000 	C:\WINDOWS\System32\gdi32full.dll
0x00007ffa09d80000 - 0x00007ffa09e1d000 	C:\WINDOWS\System32\msvcp_win.dll
0x00007ffa0a1e0000 - 0x00007ffa0a210000 	C:\WINDOWS\System32\IMM32.DLL
0x00007ffa03eb0000 - 0x00007ffa03ebc000 	C:\Program Files\Zulu\zulu-16\bin\vcruntime140_1.dll
0x00007ff9ede60000 - 0x00007ff9edeed000 	C:\Program Files\Zulu\zulu-16\bin\msvcp140.dll
0x00007ff9cbb70000 - 0x00007ff9cc7ab000 	C:\Program Files\Zulu\zulu-16\bin\server\jvm.dll
0x00007ffa0bc40000 - 0x00007ffa0bcec000 	C:\WINDOWS\System32\ADVAPI32.dll
0x00007ffa0b140000 - 0x00007ffa0b1db000 	C:\WINDOWS\System32\sechost.dll
0x00007ffa0a090000 - 0x00007ffa0a1ba000 	C:\WINDOWS\System32\RPCRT4.dll
0x00007ffa0b440000 - 0x00007ffa0b448000 	C:\WINDOWS\System32\PSAPI.DLL
0x00007ffa01600000 - 0x00007ffa01609000 	C:\WINDOWS\SYSTEM32\WSOCK32.dll
0x00007ffa01e90000 - 0x00007ffa01e9a000 	C:\WINDOWS\SYSTEM32\VERSION.dll
0x00007ffa0af40000 - 0x00007ffa0afab000 	C:\WINDOWS\System32\WS2_32.dll
0x00007ff9f3c90000 - 0x00007ff9f3cb7000 	C:\WINDOWS\SYSTEM32\WINMM.dll
0x00007ffa07fe0000 - 0x00007ffa07ff2000 	C:\WINDOWS\SYSTEM32\kernel.appcore.dll
0x00007ffa03ce0000 - 0x00007ffa03cea000 	C:\Program Files\Zulu\zulu-16\bin\jimage.dll
0x00007ffa074b0000 - 0x00007ffa07694000 	C:\WINDOWS\SYSTEM32\DBGHELP.DLL
0x00007ffa010f0000 - 0x00007ffa0111c000 	C:\WINDOWS\SYSTEM32\dbgcore.DLL
0x00007ffa09c70000 - 0x00007ffa09cf3000 	C:\WINDOWS\System32\bcryptPrimitives.dll
0x00007ff9ede30000 - 0x00007ff9ede55000 	C:\Program Files\Zulu\zulu-16\bin\java.dll
0x00007ffa0b450000 - 0x00007ffa0bb8f000 	C:\WINDOWS\System32\SHELL32.dll
0x00007ffa076a0000 - 0x00007ffa07e30000 	C:\WINDOWS\SYSTEM32\windows.storage.dll
0x00007ffa0a7b0000 - 0x00007ffa0ab05000 	C:\WINDOWS\System32\combase.dll
0x00007ffa091c0000 - 0x00007ffa091ec000 	C:\WINDOWS\SYSTEM32\Wldp.dll
0x00007ffa0b360000 - 0x00007ffa0b40e000 	C:\WINDOWS\System32\SHCORE.dll
0x00007ffa0bcf0000 - 0x00007ffa0bd45000 	C:\WINDOWS\System32\shlwapi.dll
0x00007ffa096a0000 - 0x00007ffa096bf000 	C:\WINDOWS\SYSTEM32\profapi.dll
0x00007ff9e65c0000 - 0x00007ff9e65d9000 	C:\Program Files\Zulu\zulu-16\bin\net.dll
0x00007ffa00220000 - 0x00007ffa00328000 	C:\WINDOWS\SYSTEM32\WINHTTP.dll
0x00007ffa08f20000 - 0x00007ffa08f8a000 	C:\WINDOWS\system32\mswsock.dll
0x00007ff9e65a0000 - 0x00007ff9e65b3000 	C:\Program Files\Zulu\zulu-16\bin\nio.dll
0x00007ff9e6580000 - 0x00007ff9e6598000 	C:\Program Files\Zulu\zulu-16\bin\zip.dll

dbghelp: loaded successfully - version: 4.0.5 - missing functions: none
symbol engine: initialized successfully - sym options: 0x614 - pdb path: .;C:\Program Files\Zulu\zulu-16\bin;C:\WINDOWS\SYSTEM32;C:\WINDOWS\WinSxS\amd64_microsoft.windows.common-controls_6595b64144ccf1df_6.0.19041.1110_none_60b5254171f9507e;C:\Program Files\Zulu\zulu-16\bin\server

VM Arguments:
jvm_args: -Xms200m -Xmx3G -Dfile.encoding=windows-1252 -Duser.country=AU -Duser.language=en -Duser.variant 
java_command: net.fabricmc.loom.decompilers.fernflower.FabricForkedFFExecutor -dgs=1 -log=trace -rsy=1 -bsm=1 -ind=	 -thr=8 C:\Users\M51D4XLR\.gradle\caches\fabric-loom\1.17.1-mapped-net.fabricmc.yarn-1.17.1+build.39-v2\minecraft-1.17.1-unpicked-net.fabricmc.yarn-1.17.1+build.39-v2.jar -o=C:\Users\M51D4XLR\.gradle\caches\fabric-loom\1.17.1-mapped-net.fabricmc.yarn-1.17.1+build.39-v2\minecraft-1.17.1-mapped-net.fabricmc.yarn-1.17.1+build.39-v2-sources.jar -l=C:\Users\M51D4XLR\.gradle\caches\fabric-loom\1.17.1-mapped-net.fabricmc.yarn-1.17.1+build.39-v2\minecraft-1.17.1-mapped-net.fabricmc.yarn-1.17.1+build.39-v2-sources.lmap -m=C:\Users\M51D4XLR\.gradle\caches\fabric-loom\mappings\yarn-1.17.1+build.39-v2.tiny -e=C:\Users\M51D4XLR\.gradle\caches\modules-2\files-2.1\org.lwjgl\lwjgl-jemalloc\3.2.2\ee8e57a79300f78294576d87c4a587f8c99402e2\lwjgl-jemalloc-3.2.2.jar -e=C:\Users\M51D4XLR\.gradle\caches\modules-2\files-2.1\com.mojang\datafixerupper\4.0.26\ebd6690f33871ccee9b6132c6480668ee2e35020\datafixerupper-4.0.26.jar -e=C:\Users\M51D4XLR\.gradle\caches\modules-2\files-2.1\net.java.dev.jna\jna\5.8.0\3551d8d827e54858214107541d3aff9c615cb615\jna-5.8.0.jar -e=C:\Users\M51D4XLR\.gradle\caches\modules-2\files-2.1\org.apache.logging.log4j\log4j-slf4j18-impl\2.14.1\312b4d91b21160b9fab43600fa787f31e8cab930\log4j-slf4j18-impl-2.14.1.jar -e=C:\Users\M51D4XLR\.gradle\caches\modules-2\files-2.1\com.mojang\javabridge\1.1.23\3e5084d916ba393dfd82928ec97663aeb10b2e2c\javabridge-1.1.23.jar -e=C:\Users\M51D4XLR\.gradle\caches\modules-2\files-2.1\io.netty\netty-all\4.1.25.Final\d0626cd3108294d1d58c05859add27b4ef21f83b\netty-all-4.1.25.Final.jar -e=C:\Users\M51D4XLR\.gradle\caches\modules-2\files-2.1\net.java.jutils\jutils\1.0.0\e12fe1fda814bd348c1579329c86943d2cd3c6a6\jutils-1.0.0.jar -e=C:\Users\M51D4XLR\.gradle\caches\modules-2\files-2.1\commons-logging\commons-logging\1.1.3\f6f66e966c70a83ffbdb6f17a0919eaf7c8aca7f\commons-logging-1.1.3.jar -e=C:\Users\M51D4XLR\.gradle\caches\modules-2\f
java_class_path (initial): C:\Users\M51D4XLR\.gradle\caches\modules-2\files-2.1\net.fabricmc\fabric-loom\0.9-SNAPSHOT\42b9016f34d6cc6ea3563b38de39e34751dc0794\fabric-loom-0.9-SNAPSHOT.jar;C:\Users\M51D4XLR\.gradle\caches\modules-2\files-2.1\commons-io\commons-io\2.8.0\92999e26e6534606b5678014e66948286298a35c\commons-io-2.8.0.jar;C:\Users\M51D4XLR\.gradle\caches\modules-2\files-2.1\org.zeroturnaround\zt-zip\1.14\15aa6b3b6c1d99f6fcccb5ef921035de7481cce3\zt-zip-1.14.jar;C:\Users\M51D4XLR\.gradle\caches\modules-2\files-2.1\com.google.code.gson\gson\2.8.7\69d9503ea0a40ee16f0bcdac7e3eaf83d0fa914a\gson-2.8.7.jar;C:\Users\M51D4XLR\.gradle\caches\modules-2\files-2.1\com.fasterxml.jackson.core\jackson-annotations\2.12.4\752cf9a2562ac2c012e48057e3a4c17dad66c66e\jackson-annotations-2.12.4.jar;C:\Users\M51D4XLR\.gradle\caches\modules-2\files-2.1\com.fasterxml.jackson.core\jackson-core\2.12.4\6a1bd259b6c4e3f9219ec8ec0be55ed11eed0c\jackson-core-2.12.4.jar;C:\Users\M51D4XLR\.gradle\caches\modules-2\files-2.1\com.fasterxml.jackson.core\jackson-databind\2.12.4\69206e02e6a696034f06a59d3ddbfbba5a4cd81\jackson-databind-2.12.4.jar;C:\Users\M51D4XLR\.gradle\caches\modules-2\files-2.1\net.fabricmc\stitch\0.6.1\5647c5ec651c44c4d5760458d11b2c3c1b98fc2\stitch-0.6.1.jar;C:\Users\M51D4XLR\.gradle\caches\modules-2\files-2.1\com.google.guava\guava\30.1.1-jre\87e0fd1df874ea3cbe577702fe6f17068b790fd8\guava-30.1.1-jre.jar;C:\Users\M51D4XLR\.gradle\caches\modules-2\files-2.1\net.fabricmc\tiny-remapper\0.4.3\89a52d38fb4818f3483eeafb736c87b7b70a300a\tiny-remapper-0.4.3.jar;C:\Users\M51D4XLR\.gradle\caches\modules-2\files-2.1\org.ow2.asm\asm-commons\9.2\f4d7f0fc9054386f2893b602454d48e07d4fbead\asm-commons-9.2.jar;C:\Users\M51D4XLR\.gradle\caches\modules-2\files-2.1\org.ow2.asm\asm-util\9.2\fbc178fc5ba3dab50fd7e8a5317b8b647c8e8946\asm-util-9.2.jar;C:\Users\M51D4XLR\.gradle\caches\modules-2\files-2.1\org.ow2.asm\asm-analysis\9.2\7487dd756daf96cab9986e44b9d7bcb796a61c10\asm-analysis-9.2.jar;C:\Users\M51D
Launcher Type: SUN_STANDARD

[Global flags]
     intx CICompilerCount                          = 4                                         {product} {ergonomic}
     uint ConcGCThreads                            = 2                                         {product} {ergonomic}
     uint G1ConcRefinementThreads                  = 8                                         {product} {ergonomic}
   size_t G1HeapRegionSize                         = 2097152                                   {product} {ergonomic}
    uintx GCDrainStackTargetSize                   = 64                                        {product} {ergonomic}
   size_t InitialHeapSize                          = 209715200                                 {product} {command line}
   size_t MarkStackSize                            = 4194304                                   {product} {ergonomic}
   size_t MaxHeapSize                              = 3221225472                                {product} {command line}
   size_t MaxNewSize                               = 1931476992                                {product} {ergonomic}
   size_t MinHeapDeltaBytes                        = 2097152                                   {product} {ergonomic}
   size_t MinHeapSize                              = 209715200                                 {product} {command line}
    uintx NonNMethodCodeHeapSize                   = 5839372                                {pd product} {ergonomic}
    uintx NonProfiledCodeHeapSize                  = 122909434                              {pd product} {ergonomic}
    uintx ProfiledCodeHeapSize                     = 122909434                              {pd product} {ergonomic}
    uintx ReservedCodeCacheSize                    = 251658240                              {pd product} {ergonomic}
     bool SegmentedCodeCache                       = true                                      {product} {ergonomic}
   size_t SoftMaxHeapSize                          = 3221225472                             {manageable} {ergonomic}
     bool UseCompressedClassPointers               = true                           {product lp64_product} {ergonomic}
     bool UseCompressedOops                        = true                           {product lp64_product} {ergonomic}
     bool UseG1GC                                  = true                                      {product} {ergonomic}
     bool UseLargePagesIndividualAllocation        = false                                  {pd product} {ergonomic}

Logging:
Log output configuration:
 #0: stdout all=warning uptime,level,tags
 #1: stderr all=off uptime,level,tags

Environment Variables:
CLASSPATH=D:\Enchants++\\gradle\wrapper\gradle-wrapper.jar
PATH=C:\Program Files\Zulu\zulu-16\bin\;C:\Program Files\NVIDIA GPU Computing Toolkit\CUDA\v11.3\bin;C:\Program Files\NVIDIA GPU Computing Toolkit\CUDA\v11.3\libnvvp;C:\Program Files\Java\jdk-14.0.1\bin;C:\Program Files (x86)\Common Files\Intel\Shared Libraries\redist\intel64\compiler;C:\Windows\system32;C:\Windows;C:\Windows\System32\Wbem;C:\Windows\System32\WindowsPowerShell\v1.0\;C:\Program Files (x86)\NVIDIA Corporation\PhysX\Common;C:\WINDOWS\system32;C:\WINDOWS;C:\WINDOWS\System32\Wbem;C:\WINDOWS\System32\WindowsPowerShell\v1.0\;C:\Program Files (x86)\IVI Foundation\VISA\WinNT\Bin;C:\WINDOWS\System32\OpenSSH\;C:\Program Files (x86)\Wolfram Research\WolframScript\;C:\Program Files\apache-maven-3.6.3\bin;C:\Program Files\Git\cmd;C:\Program Files\nodejs\;C:\ProgramData\chocolatey\bin;C:\Program Files\dotnet\;C:\Gradle\gradle-7.0\bin;C:\Program Files\Microsoft\Web Platform Installer\;C:\Program Files\MySQL\MySQL Shell 8.0\bin\;C:\Users\M51D4XLR\AppData\Local\Programs\Python\Python39\Scripts\;C:\Users\M51D4XLR\AppData\Local\Programs\Python\Py;C:\Program Files (x86)\Microsoft Visual Studio\2017\BuildTools\MSBuild\15.0\Bin\Roslyn;C:\Users\M51D4XLR\Desktop\code\c.PROCCESSING\processing-3.5.4;C:\Program Files\NVIDIA Corporation\Nsight Compute 2021.1.1\;C:\Program Files\NVIDIA Corporation\NVIDIA NvDLISR;C:\Program Files\WireGuard\;C:\wamp64\bin\php\php7.3.21;C:\ProgramData\ComposerSetup\bin;C:\poppler\bin;C:\Program Files\Tesseract-OCR;C:\Program Files (x86)\GeneratorFabricMod\bin;C:\Program Files\MySQL\MySQL Shell 8.0\bin\;C:\Users\M51D4XLR\AppData\Local\Programs\Python\Python39\Scripts\;C:\Users\M51D4XLR\AppData\Local\Programs\Python\Python39\;C:\Program Files\Java\jdk-12.0.2\bin;C:\Users\M51D4XLR\AppData\Local\Microsoft\WindowsApps;C:\Users\M51D4XLR\AppData\Local\atom\bin;C:\Users\M51D4XLR\AppData\Local\Microsoft\WindowsApps;C:\Users\M51D4XLR\AppData\Roaming\npm;C:\Program Files (x86)\Nmap;C:\Users\M51D4XLR\.dotnet\tools;C:\Users\M51D4XLR\AppData\Local\GitHubDesktop\bin
USERNAME=M51D4XLR
OS=Windows_NT
PROCESSOR_IDENTIFIER=Intel64 Family 6 Model 142 Stepping 10, GenuineIntel



---------------  S Y S T E M  ---------------

OS:
 Windows 10 , 64 bit Build 19041 (10.0.19041.1151)
OS uptime: 7 days 16:16 hours
Hyper-V role detected

CPU: total 8 (initial active 8) (4 cores per cpu, 2 threads per core) family 6 model 142 stepping 10 microcode 0xe0, cx8, cmov, fxsr, ht, mmx, 3dnowpref, sse, sse2, sse3, ssse3, sse4.1, sse4.2, popcnt, lzcnt, tsc, tscinvbit, avx, avx2, aes, erms, clmul, bmi1, bmi2, adx, fma, vzeroupper, clflush, clflushopt, hv

Memory: 4k page, system-wide physical 8058M (436M free)
TotalPageFile size 14202M (AvailPageFile size 98M)
current process WorkingSet (physical memory assigned to process): 697M, peak: 697M
current process commit charge ("private bytes"): 885M, peak: 1147M

vm_info: OpenJDK 64-Bit Server VM (16.0.1+9) for windows-amd64 JRE (16.0.1+9) (Zulu16.30+15-CA), built on Apr 20 2021 17:25:14 by "zulu_re" with MS VC++ 16.8 (VS2019)

END.
